{"C:/Users/bugra/Desktop/Portfolio/trailtracer/client/src/main.jsx": {"path":"C:/Users/bugra/Desktop/Portfolio/trailtracer/client/src/main.jsx","statementMap":{"0":{"start":{"line":20,"column":15},"end":{"line":26,"column":null}},"1":{"start":{"line":33,"column":0},"end":{"line":42,"column":null}}},"fnMap":{},"branchMap":{},"s":{"0":0,"1":0},"f":{},"b":{}}
,"C:/Users/bugra/Desktop/Portfolio/trailtracer/client/src/app/i18n.js": {"path":"C:/Users/bugra/Desktop/Portfolio/trailtracer/client/src/app/i18n.js","statementMap":{"0":{"start":{"line":11,"column":0},"end":{"line":44,"column":7}},"1":{"start":{"line":46,"column":0},"end":{"line":52,"column":2}}},"fnMap":{},"branchMap":{},"s":{"0":0,"1":0},"f":{},"b":{}}
,"C:/Users/bugra/Desktop/Portfolio/trailtracer/client/src/app/logger.js": {"path":"C:/Users/bugra/Desktop/Portfolio/trailtracer/client/src/app/logger.js","statementMap":{"0":{"start":{"line":3,"column":15},"end":{"line":9,"column":2}}},"fnMap":{},"branchMap":{},"s":{"0":0},"f":{},"b":{}}
,"C:/Users/bugra/Desktop/Portfolio/trailtracer/client/src/app/store.js": {"path":"C:/Users/bugra/Desktop/Portfolio/trailtracer/client/src/app/store.js","statementMap":{"0":{"start":{"line":10,"column":14},"end":{"line":16,"column":2}}},"fnMap":{},"branchMap":{},"s":{"0":1},"f":{},"b":{}}
,"C:/Users/bugra/Desktop/Portfolio/trailtracer/client/src/app/tester/setup.js": {"path":"C:/Users/bugra/Desktop/Portfolio/trailtracer/client/src/app/tester/setup.js","statementMap":{"0":{"start":{"line":3,"column":0},"end":{"line":15,"column":null}},"1":{"start":{"line":5,"column":48},"end":{"line":14,"column":5}}},"fnMap":{"0":{"name":"(anonymous_0)","decl":{"start":{"line":5,"column":38},"end":{"line":5,"column":43}},"loc":{"start":{"line":5,"column":48},"end":{"line":14,"column":5}}}},"branchMap":{},"s":{"0":0,"1":0},"f":{"0":0},"b":{}}
,"C:/Users/bugra/Desktop/Portfolio/trailtracer/client/src/app/tester/tester.jsx": {"path":"C:/Users/bugra/Desktop/Portfolio/trailtracer/client/src/app/tester/tester.jsx","statementMap":{"0":{"start":{"line":8,"column":18},"end":{"line":16,"column":null}},"1":{"start":{"line":9,"column":4},"end":{"line":14,"column":null}},"2":{"start":{"line":18,"column":21},"end":{"line":19,"column":null}},"3":{"start":{"line":19,"column":4},"end":{"line":19,"column":null}}},"fnMap":{"0":{"name":"(anonymous_0)","decl":{"start":{"line":8,"column":18},"end":{"line":8,"column":19}},"loc":{"start":{"line":8,"column":36},"end":{"line":16,"column":null}}},"1":{"name":"(anonymous_1)","decl":{"start":{"line":18,"column":21},"end":{"line":18,"column":22}},"loc":{"start":{"line":19,"column":4},"end":{"line":19,"column":null}}}},"branchMap":{},"s":{"0":1,"1":2,"2":1,"3":2},"f":{"0":2,"1":2},"b":{}}
,"C:/Users/bugra/Desktop/Portfolio/trailtracer/client/src/components/anims.js": {"path":"C:/Users/bugra/Desktop/Portfolio/trailtracer/client/src/components/anims.js","statementMap":{"0":{"start":{"line":7,"column":22},"end":{"line":11,"column":1}},"1":{"start":{"line":17,"column":25},"end":{"line":21,"column":1}},"2":{"start":{"line":27,"column":32},"end":{"line":31,"column":1}},"3":{"start":{"line":37,"column":30},"end":{"line":46,"column":1}},"4":{"start":{"line":52,"column":29},"end":{"line":61,"column":1}},"5":{"start":{"line":67,"column":31},"end":{"line":76,"column":1}},"6":{"start":{"line":82,"column":28},"end":{"line":91,"column":1}}},"fnMap":{},"branchMap":{},"s":{"0":0,"1":0,"2":0,"3":0,"4":0,"5":0,"6":0},"f":{},"b":{}}
,"C:/Users/bugra/Desktop/Portfolio/trailtracer/client/src/components/mixins.js": {"path":"C:/Users/bugra/Desktop/Portfolio/trailtracer/client/src/components/mixins.js","statementMap":{"0":{"start":{"line":7,"column":28},"end":{"line":15,"column":1}},"1":{"start":{"line":21,"column":26},"end":{"line":26,"column":1}},"2":{"start":{"line":22,"column":39},"end":{"line":22,"column":73}},"3":{"start":{"line":23,"column":39},"end":{"line":23,"column":70}}},"fnMap":{"0":{"name":"(anonymous_0)","decl":{"start":{"line":22,"column":24},"end":{"line":22,"column":25}},"loc":{"start":{"line":22,"column":39},"end":{"line":22,"column":73}}},"1":{"name":"(anonymous_1)","decl":{"start":{"line":23,"column":24},"end":{"line":23,"column":25}},"loc":{"start":{"line":23,"column":39},"end":{"line":23,"column":70}}}},"branchMap":{},"s":{"0":1,"1":1,"2":0,"3":0},"f":{"0":0,"1":0},"b":{}}
,"C:/Users/bugra/Desktop/Portfolio/trailtracer/client/src/components/style/GlobalStyle.jsx": {"path":"C:/Users/bugra/Desktop/Portfolio/trailtracer/client/src/components/style/GlobalStyle.jsx","statementMap":{"0":{"start":{"line":8,"column":20},"end":{"line":29,"column":null}},"1":{"start":{"line":21,"column":42},"end":{"line":21,"column":62}},"2":{"start":{"line":21,"column":81},"end":{"line":21,"column":104}},"3":{"start":{"line":26,"column":32},"end":{"line":26,"column":49}},"4":{"start":{"line":29,"column":36},"end":{"line":29,"column":60}}},"fnMap":{"0":{"name":"(anonymous_0)","decl":{"start":{"line":21,"column":27},"end":{"line":21,"column":28}},"loc":{"start":{"line":21,"column":42},"end":{"line":21,"column":62}}},"1":{"name":"(anonymous_1)","decl":{"start":{"line":21,"column":66},"end":{"line":21,"column":67}},"loc":{"start":{"line":21,"column":81},"end":{"line":21,"column":104}}},"2":{"name":"(anonymous_2)","decl":{"start":{"line":26,"column":17},"end":{"line":26,"column":18}},"loc":{"start":{"line":26,"column":32},"end":{"line":26,"column":49}}},"3":{"name":"(anonymous_3)","decl":{"start":{"line":29,"column":21},"end":{"line":29,"column":22}},"loc":{"start":{"line":29,"column":36},"end":{"line":29,"column":60}}}},"branchMap":{},"s":{"0":0,"1":0,"2":0,"3":0,"4":0},"f":{"0":0,"1":0,"2":0,"3":0},"b":{}}
,"C:/Users/bugra/Desktop/Portfolio/trailtracer/client/src/components/style/Theme.jsx": {"path":"C:/Users/bugra/Desktop/Portfolio/trailtracer/client/src/components/style/Theme.jsx","statementMap":{"0":{"start":{"line":12,"column":14},"end":{"line":20,"column":null}},"1":{"start":{"line":13,"column":20},"end":{"line":13,"column":null}},"2":{"start":{"line":13,"column":43},"end":{"line":13,"column":65}},"3":{"start":{"line":15,"column":1},"end":{"line":18,"column":null}},"4":{"start":{"line":22,"column":0},"end":{"line":24,"column":null}}},"fnMap":{"0":{"name":"(anonymous_0)","decl":{"start":{"line":12,"column":14},"end":{"line":12,"column":15}},"loc":{"start":{"line":12,"column":32},"end":{"line":20,"column":null}}},"1":{"name":"(anonymous_1)","decl":{"start":{"line":13,"column":32},"end":{"line":13,"column":33}},"loc":{"start":{"line":13,"column":43},"end":{"line":13,"column":65}}}},"branchMap":{"0":{"loc":{"start":{"line":16,"column":24},"end":{"line":16,"column":null}},"type":"cond-expr","locations":[{"start":{"line":16,"column":37},"end":{"line":16,"column":49}},{"start":{"line":16,"column":49},"end":{"line":16,"column":null}}]}},"s":{"0":1,"1":2,"2":4,"3":2,"4":1},"f":{"0":2,"1":4},"b":{"0":[0,2]}}
,"C:/Users/bugra/Desktop/Portfolio/trailtracer/client/src/components/style/themes.js": {"path":"C:/Users/bugra/Desktop/Portfolio/trailtracer/client/src/components/style/themes.js","statementMap":{"0":{"start":{"line":6,"column":14},"end":{"line":30,"column":1}},"1":{"start":{"line":32,"column":22},"end":{"line":43,"column":1}},"2":{"start":{"line":45,"column":25},"end":{"line":60,"column":1}},"3":{"start":{"line":62,"column":26},"end":{"line":77,"column":1}}},"fnMap":{},"branchMap":{},"s":{"0":1,"1":1,"2":1,"3":1},"f":{},"b":{}}
,"C:/Users/bugra/Desktop/Portfolio/trailtracer/client/src/components/ui/Button.jsx": {"path":"C:/Users/bugra/Desktop/Portfolio/trailtracer/client/src/components/ui/Button.jsx","statementMap":{"0":{"start":{"line":9,"column":21},"end":{"line":23,"column":null}},"1":{"start":{"line":9,"column":41},"end":{"line":23,"column":null}},"2":{"start":{"line":35,"column":15},"end":{"line":52,"column":null}},"3":{"start":{"line":35,"column":51},"end":{"line":35,"column":79}},"4":{"start":{"line":41,"column":49},"end":{"line":41,"column":81}},"5":{"start":{"line":42,"column":36},"end":{"line":42,"column":69}},"6":{"start":{"line":52,"column":49},"end":{"line":52,"column":152}}},"fnMap":{"0":{"name":"(anonymous_0)","decl":{"start":{"line":9,"column":21},"end":{"line":9,"column":22}},"loc":{"start":{"line":9,"column":41},"end":{"line":23,"column":null}}},"1":{"name":"(anonymous_1)","decl":{"start":{"line":35,"column":35},"end":{"line":35,"column":36}},"loc":{"start":{"line":35,"column":51},"end":{"line":35,"column":79}}},"2":{"name":"(anonymous_2)","decl":{"start":{"line":41,"column":24},"end":{"line":41,"column":25}},"loc":{"start":{"line":41,"column":49},"end":{"line":41,"column":81}}},"3":{"name":"(anonymous_3)","decl":{"start":{"line":42,"column":13},"end":{"line":42,"column":14}},"loc":{"start":{"line":42,"column":36},"end":{"line":42,"column":69}}},"4":{"name":"(anonymous_4)","decl":{"start":{"line":52,"column":21},"end":{"line":52,"column":22}},"loc":{"start":{"line":52,"column":49},"end":{"line":52,"column":152}}}},"branchMap":{"0":{"loc":{"start":{"line":35,"column":59},"end":{"line":35,"column":77}},"type":"binary-expr","locations":[{"start":{"line":35,"column":59},"end":{"line":35,"column":68}},{"start":{"line":35,"column":68},"end":{"line":35,"column":77}}]},"1":{"loc":{"start":{"line":41,"column":49},"end":{"line":41,"column":81}},"type":"binary-expr","locations":[{"start":{"line":41,"column":49},"end":{"line":41,"column":61}},{"start":{"line":41,"column":61},"end":{"line":41,"column":81}}]},"2":{"loc":{"start":{"line":42,"column":36},"end":{"line":42,"column":69}},"type":"binary-expr","locations":[{"start":{"line":42,"column":36},"end":{"line":42,"column":46}},{"start":{"line":42,"column":46},"end":{"line":42,"column":69}}]},"3":{"loc":{"start":{"line":52,"column":49},"end":{"line":52,"column":152}},"type":"cond-expr","locations":[{"start":{"line":52,"column":63},"end":{"line":52,"column":94}},{"start":{"line":52,"column":94},"end":{"line":52,"column":152}}]}},"s":{"0":1,"1":2,"2":1,"3":2,"4":2,"5":2,"6":2},"f":{"0":2,"1":2,"2":2,"3":2,"4":2},"b":{"0":[2,1],"1":[2,1],"2":[2,1],"3":[1,1]}}
,"C:/Users/bugra/Desktop/Portfolio/trailtracer/client/src/components/ui/Container.jsx": {"path":"C:/Users/bugra/Desktop/Portfolio/trailtracer/client/src/components/ui/Container.jsx","statementMap":{"0":{"start":{"line":8,"column":18},"end":{"line":8,"column":null}}},"fnMap":{},"branchMap":{},"s":{"0":0},"f":{},"b":{}}
,"C:/Users/bugra/Desktop/Portfolio/trailtracer/client/src/components/ui/Dropdown.jsx": {"path":"C:/Users/bugra/Desktop/Portfolio/trailtracer/client/src/components/ui/Dropdown.jsx","statementMap":{"0":{"start":{"line":10,"column":17},"end":{"line":15,"column":null}},"1":{"start":{"line":14,"column":39},"end":{"line":14,"column":62}},"2":{"start":{"line":15,"column":39},"end":{"line":15,"column":70}}},"fnMap":{"0":{"name":"(anonymous_0)","decl":{"start":{"line":14,"column":24},"end":{"line":14,"column":25}},"loc":{"start":{"line":14,"column":39},"end":{"line":14,"column":62}}},"1":{"name":"(anonymous_1)","decl":{"start":{"line":15,"column":24},"end":{"line":15,"column":25}},"loc":{"start":{"line":15,"column":39},"end":{"line":15,"column":70}}}},"branchMap":{},"s":{"0":0,"1":0,"2":0},"f":{"0":0,"1":0},"b":{}}
,"C:/Users/bugra/Desktop/Portfolio/trailtracer/client/src/components/ui/Icon.jsx": {"path":"C:/Users/bugra/Desktop/Portfolio/trailtracer/client/src/components/ui/Icon.jsx","statementMap":{"0":{"start":{"line":9,"column":16},"end":{"line":9,"column":null}},"1":{"start":{"line":24,"column":13},"end":{"line":31,"column":null}},"2":{"start":{"line":25,"column":4},"end":{"line":29,"column":null}},"3":{"start":{"line":33,"column":0},"end":{"line":37,"column":null}}},"fnMap":{"0":{"name":"(anonymous_0)","decl":{"start":{"line":24,"column":13},"end":{"line":24,"column":14}},"loc":{"start":{"line":24,"column":38},"end":{"line":31,"column":null}}}},"branchMap":{"0":{"loc":{"start":{"line":26,"column":21},"end":{"line":26,"column":33}},"type":"binary-expr","locations":[{"start":{"line":26,"column":21},"end":{"line":26,"column":27}},{"start":{"line":26,"column":27},"end":{"line":26,"column":33}}]},"1":{"loc":{"start":{"line":26,"column":39},"end":{"line":26,"column":64}},"type":"binary-expr","locations":[{"start":{"line":26,"column":39},"end":{"line":26,"column":48}},{"start":{"line":26,"column":48},"end":{"line":26,"column":64}}]}},"s":{"0":0,"1":0,"2":0,"3":0},"f":{"0":0},"b":{"0":[0,0],"1":[0,0]}}
,"C:/Users/bugra/Desktop/Portfolio/trailtracer/client/src/components/ui/RSelect.jsx": {"path":"C:/Users/bugra/Desktop/Portfolio/trailtracer/client/src/components/ui/RSelect.jsx","statementMap":{"0":{"start":{"line":12,"column":16},"end":{"line":63,"column":null}},"1":{"start":{"line":14,"column":34},"end":{"line":14,"column":50}},"2":{"start":{"line":15,"column":34},"end":{"line":15,"column":59}},"3":{"start":{"line":16,"column":36},"end":{"line":16,"column":63}},"4":{"start":{"line":21,"column":53},"end":{"line":21,"column":88}},"5":{"start":{"line":22,"column":43},"end":{"line":22,"column":74}},"6":{"start":{"line":27,"column":43},"end":{"line":27,"column":63}},"7":{"start":{"line":31,"column":47},"end":{"line":31,"column":67}},"8":{"start":{"line":43,"column":43},"end":{"line":43,"column":74}},"9":{"start":{"line":53,"column":43},"end":{"line":53,"column":66}},"10":{"start":{"line":54,"column":32},"end":{"line":54,"column":49}},"11":{"start":{"line":58,"column":47},"end":{"line":58,"column":69}},"12":{"start":{"line":63,"column":32},"end":{"line":63,"column":52}}},"fnMap":{"0":{"name":"(anonymous_0)","decl":{"start":{"line":14,"column":19},"end":{"line":14,"column":20}},"loc":{"start":{"line":14,"column":34},"end":{"line":14,"column":50}}},"1":{"name":"(anonymous_1)","decl":{"start":{"line":15,"column":19},"end":{"line":15,"column":20}},"loc":{"start":{"line":15,"column":34},"end":{"line":15,"column":59}}},"2":{"name":"(anonymous_2)","decl":{"start":{"line":16,"column":13},"end":{"line":16,"column":14}},"loc":{"start":{"line":16,"column":36},"end":{"line":16,"column":63}}},"3":{"name":"(anonymous_3)","decl":{"start":{"line":21,"column":28},"end":{"line":21,"column":29}},"loc":{"start":{"line":21,"column":53},"end":{"line":21,"column":88}}},"4":{"name":"(anonymous_4)","decl":{"start":{"line":22,"column":28},"end":{"line":22,"column":29}},"loc":{"start":{"line":22,"column":43},"end":{"line":22,"column":74}}},"5":{"name":"(anonymous_5)","decl":{"start":{"line":27,"column":28},"end":{"line":27,"column":29}},"loc":{"start":{"line":27,"column":43},"end":{"line":27,"column":63}}},"6":{"name":"(anonymous_6)","decl":{"start":{"line":31,"column":32},"end":{"line":31,"column":33}},"loc":{"start":{"line":31,"column":47},"end":{"line":31,"column":67}}},"7":{"name":"(anonymous_7)","decl":{"start":{"line":43,"column":28},"end":{"line":43,"column":29}},"loc":{"start":{"line":43,"column":43},"end":{"line":43,"column":74}}},"8":{"name":"(anonymous_8)","decl":{"start":{"line":53,"column":28},"end":{"line":53,"column":29}},"loc":{"start":{"line":53,"column":43},"end":{"line":53,"column":66}}},"9":{"name":"(anonymous_9)","decl":{"start":{"line":54,"column":17},"end":{"line":54,"column":18}},"loc":{"start":{"line":54,"column":32},"end":{"line":54,"column":49}}},"10":{"name":"(anonymous_10)","decl":{"start":{"line":58,"column":32},"end":{"line":58,"column":33}},"loc":{"start":{"line":58,"column":47},"end":{"line":58,"column":69}}},"11":{"name":"(anonymous_11)","decl":{"start":{"line":63,"column":17},"end":{"line":63,"column":18}},"loc":{"start":{"line":63,"column":32},"end":{"line":63,"column":52}}}},"branchMap":{"0":{"loc":{"start":{"line":16,"column":36},"end":{"line":16,"column":63}},"type":"binary-expr","locations":[{"start":{"line":16,"column":36},"end":{"line":16,"column":46}},{"start":{"line":16,"column":46},"end":{"line":16,"column":63}}]},"1":{"loc":{"start":{"line":21,"column":53},"end":{"line":21,"column":88}},"type":"binary-expr","locations":[{"start":{"line":21,"column":53},"end":{"line":21,"column":65}},{"start":{"line":21,"column":65},"end":{"line":21,"column":88}}]}},"s":{"0":0,"1":0,"2":0,"3":0,"4":0,"5":0,"6":0,"7":0,"8":0,"9":0,"10":0,"11":0,"12":0},"f":{"0":0,"1":0,"2":0,"3":0,"4":0,"5":0,"6":0,"7":0,"8":0,"9":0,"10":0,"11":0},"b":{"0":[0,0],"1":[0,0]}}
,"C:/Users/bugra/Desktop/Portfolio/trailtracer/client/src/components/ui/RTooltip.jsx": {"path":"C:/Users/bugra/Desktop/Portfolio/trailtracer/client/src/components/ui/RTooltip.jsx","statementMap":{"0":{"start":{"line":9,"column":17},"end":{"line":16,"column":null}},"1":{"start":{"line":14,"column":32},"end":{"line":14,"column":49}},"2":{"start":{"line":15,"column":43},"end":{"line":15,"column":65}},"3":{"start":{"line":16,"column":43},"end":{"line":16,"column":66}}},"fnMap":{"0":{"name":"(anonymous_0)","decl":{"start":{"line":14,"column":17},"end":{"line":14,"column":18}},"loc":{"start":{"line":14,"column":32},"end":{"line":14,"column":49}}},"1":{"name":"(anonymous_1)","decl":{"start":{"line":15,"column":28},"end":{"line":15,"column":29}},"loc":{"start":{"line":15,"column":43},"end":{"line":15,"column":65}}},"2":{"name":"(anonymous_2)","decl":{"start":{"line":16,"column":28},"end":{"line":16,"column":29}},"loc":{"start":{"line":16,"column":43},"end":{"line":16,"column":66}}}},"branchMap":{},"s":{"0":0,"1":0,"2":0,"3":0},"f":{"0":0,"1":0,"2":0},"b":{}}
,"C:/Users/bugra/Desktop/Portfolio/trailtracer/client/src/components/ui/Text.jsx": {"path":"C:/Users/bugra/Desktop/Portfolio/trailtracer/client/src/components/ui/Text.jsx","statementMap":{"0":{"start":{"line":4,"column":27},"end":{"line":4,"column":null}},"1":{"start":{"line":13,"column":13},"end":{"line":27,"column":null}},"2":{"start":{"line":20,"column":26},"end":{"line":20,"column":59}},"3":{"start":{"line":21,"column":24},"end":{"line":21,"column":35}},"4":{"start":{"line":23,"column":44},"end":{"line":23,"column":93}},"5":{"start":{"line":24,"column":44},"end":{"line":24,"column":105}},"6":{"start":{"line":25,"column":37},"end":{"line":25,"column":58}},"7":{"start":{"line":27,"column":36},"end":{"line":27,"column":63}},"8":{"start":{"line":34,"column":20},"end":{"line":37,"column":null}},"9":{"start":{"line":36,"column":45},"end":{"line":36,"column":51}},"10":{"start":{"line":37,"column":45},"end":{"line":37,"column":51}},"11":{"start":{"line":40,"column":19},"end":{"line":43,"column":null}},"12":{"start":{"line":42,"column":45},"end":{"line":42,"column":51}},"13":{"start":{"line":43,"column":45},"end":{"line":43,"column":51}},"14":{"start":{"line":46,"column":20},"end":{"line":49,"column":null}},"15":{"start":{"line":48,"column":45},"end":{"line":48,"column":51}},"16":{"start":{"line":49,"column":45},"end":{"line":49,"column":51}}},"fnMap":{"0":{"name":"(anonymous_0)","decl":{"start":{"line":20,"column":8},"end":{"line":20,"column":9}},"loc":{"start":{"line":20,"column":26},"end":{"line":20,"column":59}}},"1":{"name":"(anonymous_1)","decl":{"start":{"line":21,"column":8},"end":{"line":21,"column":9}},"loc":{"start":{"line":21,"column":24},"end":{"line":21,"column":35}}},"2":{"name":"(anonymous_2)","decl":{"start":{"line":23,"column":19},"end":{"line":23,"column":20}},"loc":{"start":{"line":23,"column":44},"end":{"line":23,"column":93}}},"3":{"name":"(anonymous_3)","decl":{"start":{"line":24,"column":19},"end":{"line":24,"column":20}},"loc":{"start":{"line":24,"column":44},"end":{"line":24,"column":105}}},"4":{"name":"(anonymous_4)","decl":{"start":{"line":25,"column":19},"end":{"line":25,"column":20}},"loc":{"start":{"line":25,"column":37},"end":{"line":25,"column":58}}},"5":{"name":"(anonymous_5)","decl":{"start":{"line":27,"column":13},"end":{"line":27,"column":14}},"loc":{"start":{"line":27,"column":36},"end":{"line":27,"column":63}}},"6":{"name":"(anonymous_6)","decl":{"start":{"line":36,"column":29},"end":{"line":36,"column":30}},"loc":{"start":{"line":36,"column":45},"end":{"line":36,"column":51}}},"7":{"name":"(anonymous_7)","decl":{"start":{"line":37,"column":29},"end":{"line":37,"column":30}},"loc":{"start":{"line":37,"column":45},"end":{"line":37,"column":51}}},"8":{"name":"(anonymous_8)","decl":{"start":{"line":42,"column":29},"end":{"line":42,"column":30}},"loc":{"start":{"line":42,"column":45},"end":{"line":42,"column":51}}},"9":{"name":"(anonymous_9)","decl":{"start":{"line":43,"column":29},"end":{"line":43,"column":30}},"loc":{"start":{"line":43,"column":45},"end":{"line":43,"column":51}}},"10":{"name":"(anonymous_10)","decl":{"start":{"line":48,"column":29},"end":{"line":48,"column":30}},"loc":{"start":{"line":48,"column":45},"end":{"line":48,"column":51}}},"11":{"name":"(anonymous_11)","decl":{"start":{"line":49,"column":29},"end":{"line":49,"column":30}},"loc":{"start":{"line":49,"column":45},"end":{"line":49,"column":51}}}},"branchMap":{"0":{"loc":{"start":{"line":20,"column":26},"end":{"line":20,"column":59}},"type":"cond-expr","locations":[{"start":{"line":20,"column":37},"end":{"line":20,"column":58}},{"start":{"line":20,"column":58},"end":{"line":20,"column":59}}]},"1":{"loc":{"start":{"line":21,"column":24},"end":{"line":21,"column":35}},"type":"binary-expr","locations":[{"start":{"line":21,"column":24},"end":{"line":21,"column":34}},{"start":{"line":21,"column":34},"end":{"line":21,"column":35}}]},"2":{"loc":{"start":{"line":23,"column":44},"end":{"line":23,"column":93}},"type":"cond-expr","locations":[{"start":{"line":23,"column":55},"end":{"line":23,"column":77}},{"start":{"line":23,"column":77},"end":{"line":23,"column":93}}]},"3":{"loc":{"start":{"line":24,"column":44},"end":{"line":24,"column":105}},"type":"cond-expr","locations":[{"start":{"line":24,"column":55},"end":{"line":24,"column":80}},{"start":{"line":24,"column":80},"end":{"line":24,"column":105}}]},"4":{"loc":{"start":{"line":25,"column":37},"end":{"line":25,"column":58}},"type":"cond-expr","locations":[{"start":{"line":25,"column":48},"end":{"line":25,"column":54}},{"start":{"line":25,"column":54},"end":{"line":25,"column":58}}]},"5":{"loc":{"start":{"line":27,"column":36},"end":{"line":27,"column":63}},"type":"binary-expr","locations":[{"start":{"line":27,"column":36},"end":{"line":27,"column":46}},{"start":{"line":27,"column":46},"end":{"line":27,"column":63}}]}},"s":{"0":0,"1":0,"2":0,"3":0,"4":0,"5":0,"6":0,"7":0,"8":0,"9":0,"10":0,"11":0,"12":0,"13":0,"14":0,"15":0,"16":0},"f":{"0":0,"1":0,"2":0,"3":0,"4":0,"5":0,"6":0,"7":0,"8":0,"9":0,"10":0,"11":0},"b":{"0":[0,0],"1":[0,0],"2":[0,0],"3":[0,0],"4":[0,0],"5":[0,0]}}
,"C:/Users/bugra/Desktop/Portfolio/trailtracer/client/src/components/ui/Vector.jsx": {"path":"C:/Users/bugra/Desktop/Portfolio/trailtracer/client/src/components/ui/Vector.jsx","statementMap":{"0":{"start":{"line":15,"column":15},"end":{"line":25,"column":null}},"1":{"start":{"line":16,"column":31},"end":{"line":16,"column":38}},"2":{"start":{"line":17,"column":29},"end":{"line":17,"column":35}},"3":{"start":{"line":19,"column":40},"end":{"line":19,"column":46}},"4":{"start":{"line":20,"column":45},"end":{"line":20,"column":80}},"5":{"start":{"line":21,"column":37},"end":{"line":21,"column":72}},"6":{"start":{"line":24,"column":48},"end":{"line":24,"column":57}},"7":{"start":{"line":25,"column":40},"end":{"line":25,"column":49}}},"fnMap":{"0":{"name":"(anonymous_0)","decl":{"start":{"line":16,"column":14},"end":{"line":16,"column":15}},"loc":{"start":{"line":16,"column":31},"end":{"line":16,"column":38}}},"1":{"name":"(anonymous_1)","decl":{"start":{"line":17,"column":13},"end":{"line":17,"column":14}},"loc":{"start":{"line":17,"column":29},"end":{"line":17,"column":35}}},"2":{"name":"(anonymous_2)","decl":{"start":{"line":19,"column":24},"end":{"line":19,"column":25}},"loc":{"start":{"line":19,"column":40},"end":{"line":19,"column":46}}},"3":{"name":"(anonymous_3)","decl":{"start":{"line":20,"column":30},"end":{"line":20,"column":31}},"loc":{"start":{"line":20,"column":45},"end":{"line":20,"column":80}}},"4":{"name":"(anonymous_4)","decl":{"start":{"line":21,"column":22},"end":{"line":21,"column":23}},"loc":{"start":{"line":21,"column":37},"end":{"line":21,"column":72}}},"5":{"name":"(anonymous_5)","decl":{"start":{"line":24,"column":29},"end":{"line":24,"column":30}},"loc":{"start":{"line":24,"column":48},"end":{"line":24,"column":57}}},"6":{"name":"(anonymous_6)","decl":{"start":{"line":25,"column":21},"end":{"line":25,"column":22}},"loc":{"start":{"line":25,"column":40},"end":{"line":25,"column":49}}}},"branchMap":{},"s":{"0":0,"1":0,"2":0,"3":0,"4":0,"5":0,"6":0,"7":0},"f":{"0":0,"1":0,"2":0,"3":0,"4":0,"5":0,"6":0},"b":{}}
,"C:/Users/bugra/Desktop/Portfolio/trailtracer/client/src/components/ui/Bento/Arrows.jsx": {"path":"C:/Users/bugra/Desktop/Portfolio/trailtracer/client/src/components/ui/Bento/Arrows.jsx","statementMap":{"0":{"start":{"line":4,"column":29},"end":{"line":4,"column":null}},"1":{"start":{"line":16,"column":35},"end":{"line":18,"column":null}},"2":{"start":{"line":32,"column":38},"end":{"line":34,"column":null}},"3":{"start":{"line":48,"column":37},"end":{"line":50,"column":null}},"4":{"start":{"line":64,"column":36},"end":{"line":66,"column":null}}},"fnMap":{},"branchMap":{},"s":{"0":0,"1":0,"2":0,"3":0,"4":0},"f":{},"b":{}}
,"C:/Users/bugra/Desktop/Portfolio/trailtracer/client/src/components/ui/Bento/BentoBox.jsx": {"path":"C:/Users/bugra/Desktop/Portfolio/trailtracer/client/src/components/ui/Bento/BentoBox.jsx","statementMap":{"0":{"start":{"line":14,"column":17},"end":{"line":19,"column":null}},"1":{"start":{"line":17,"column":40},"end":{"line":17,"column":46}},"2":{"start":{"line":19,"column":22},"end":{"line":19,"column":42}}},"fnMap":{"0":{"name":"(anonymous_0)","decl":{"start":{"line":17,"column":24},"end":{"line":17,"column":25}},"loc":{"start":{"line":17,"column":40},"end":{"line":17,"column":46}}},"1":{"name":"(anonymous_1)","decl":{"start":{"line":19,"column":6},"end":{"line":19,"column":7}},"loc":{"start":{"line":19,"column":22},"end":{"line":19,"column":42}}}},"branchMap":{"0":{"loc":{"start":{"line":19,"column":22},"end":{"line":19,"column":42}},"type":"binary-expr","locations":[{"start":{"line":19,"column":22},"end":{"line":19,"column":32}},{"start":{"line":19,"column":32},"end":{"line":19,"column":42}}]}},"s":{"0":0,"1":0,"2":0},"f":{"0":0,"1":0},"b":{"0":[0,0]}}
,"C:/Users/bugra/Desktop/Portfolio/trailtracer/client/src/components/ui/Bento/BentoGrid.jsx": {"path":"C:/Users/bugra/Desktop/Portfolio/trailtracer/client/src/components/ui/Bento/BentoGrid.jsx","statementMap":{"0":{"start":{"line":10,"column":18},"end":{"line":10,"column":null}}},"fnMap":{},"branchMap":{},"s":{"0":0},"f":{},"b":{}}
,"C:/Users/bugra/Desktop/Portfolio/trailtracer/client/src/components/ui/ContentLoaders/BentoLoader.jsx": {"path":"C:/Users/bugra/Desktop/Portfolio/trailtracer/client/src/components/ui/ContentLoaders/BentoLoader.jsx","statementMap":{"0":{"start":{"line":4,"column":25},"end":{"line":4,"column":null}},"1":{"start":{"line":9,"column":27},"end":{"line":55,"column":null}},"2":{"start":{"line":10,"column":18},"end":{"line":10,"column":null}},"3":{"start":{"line":12,"column":4},"end":{"line":53,"column":null}},"4":{"start":{"line":57,"column":32},"end":{"line":84,"column":null}},"5":{"start":{"line":58,"column":18},"end":{"line":58,"column":null}},"6":{"start":{"line":60,"column":4},"end":{"line":82,"column":null}}},"fnMap":{"0":{"name":"(anonymous_0)","decl":{"start":{"line":9,"column":27},"end":{"line":9,"column":33}},"loc":{"start":{"line":9,"column":33},"end":{"line":55,"column":null}}},"1":{"name":"(anonymous_1)","decl":{"start":{"line":57,"column":32},"end":{"line":57,"column":38}},"loc":{"start":{"line":57,"column":38},"end":{"line":84,"column":null}}}},"branchMap":{},"s":{"0":0,"1":0,"2":0,"3":0,"4":0,"5":0,"6":0},"f":{"0":0,"1":0},"b":{}}
,"C:/Users/bugra/Desktop/Portfolio/trailtracer/client/src/components/ui/Input/TextInput.jsx": {"path":"C:/Users/bugra/Desktop/Portfolio/trailtracer/client/src/components/ui/Input/TextInput.jsx","statementMap":{"0":{"start":{"line":12,"column":23},"end":{"line":53,"column":null}},"1":{"start":{"line":15,"column":28},"end":{"line":15,"column":45}},"2":{"start":{"line":16,"column":34},"end":{"line":16,"column":54}},"3":{"start":{"line":17,"column":39},"end":{"line":17,"column":62}},"4":{"start":{"line":18,"column":43},"end":{"line":18,"column":74}},"5":{"start":{"line":19,"column":46},"end":{"line":19,"column":77}},"6":{"start":{"line":23,"column":27},"end":{"line":23,"column":105}},"7":{"start":{"line":25,"column":24},"end":{"line":25,"column":99}},"8":{"start":{"line":27,"column":34},"end":{"line":27,"column":50}},"9":{"start":{"line":28,"column":34},"end":{"line":28,"column":59}},"10":{"start":{"line":33,"column":39},"end":{"line":33,"column":61}},"11":{"start":{"line":34,"column":43},"end":{"line":34,"column":76}},"12":{"start":{"line":38,"column":43},"end":{"line":38,"column":77}},"13":{"start":{"line":39,"column":43},"end":{"line":39,"column":66}},"14":{"start":{"line":40,"column":46},"end":{"line":40,"column":69}},"15":{"start":{"line":47,"column":50},"end":{"line":47,"column":67}},"16":{"start":{"line":48,"column":38},"end":{"line":48,"column":58}},"17":{"start":{"line":53,"column":32},"end":{"line":53,"column":63}},"18":{"start":{"line":57,"column":27},"end":{"line":65,"column":null}},"19":{"start":{"line":74,"column":26},"end":{"line":74,"column":null}},"20":{"start":{"line":93,"column":18},"end":{"line":119,"column":null}},"21":{"start":{"line":94,"column":18},"end":{"line":94,"column":null}},"22":{"start":{"line":95,"column":18},"end":{"line":95,"column":null}},"23":{"start":{"line":96,"column":23},"end":{"line":96,"column":null}},"24":{"start":{"line":96,"column":37},"end":{"line":96,"column":58}},"25":{"start":{"line":97,"column":26},"end":{"line":97,"column":null}},"26":{"start":{"line":98,"column":20},"end":{"line":98,"column":null}},"27":{"start":{"line":98,"column":34},"end":{"line":98,"column":114}},"28":{"start":{"line":98,"column":74},"end":{"line":98,"column":100}},"29":{"start":{"line":99,"column":36},"end":{"line":99,"column":null}},"30":{"start":{"line":101,"column":25},"end":{"line":101,"column":null}},"31":{"start":{"line":101,"column":43},"end":{"line":101,"column":81}},"32":{"start":{"line":101,"column":69},"end":{"line":101,"column":78}},"33":{"start":{"line":103,"column":4},"end":{"line":117,"column":null}},"34":{"start":{"line":121,"column":0},"end":{"line":132,"column":null}}},"fnMap":{"0":{"name":"(anonymous_0)","decl":{"start":{"line":15,"column":13},"end":{"line":15,"column":14}},"loc":{"start":{"line":15,"column":28},"end":{"line":15,"column":45}}},"1":{"name":"(anonymous_1)","decl":{"start":{"line":16,"column":19},"end":{"line":16,"column":20}},"loc":{"start":{"line":16,"column":34},"end":{"line":16,"column":54}}},"2":{"name":"(anonymous_2)","decl":{"start":{"line":17,"column":24},"end":{"line":17,"column":25}},"loc":{"start":{"line":17,"column":39},"end":{"line":17,"column":62}}},"3":{"name":"(anonymous_3)","decl":{"start":{"line":18,"column":28},"end":{"line":18,"column":29}},"loc":{"start":{"line":18,"column":43},"end":{"line":18,"column":74}}},"4":{"name":"(anonymous_4)","decl":{"start":{"line":19,"column":31},"end":{"line":19,"column":32}},"loc":{"start":{"line":19,"column":46},"end":{"line":19,"column":77}}},"5":{"name":"(anonymous_5)","decl":{"start":{"line":23,"column":6},"end":{"line":23,"column":7}},"loc":{"start":{"line":23,"column":27},"end":{"line":23,"column":105}}},"6":{"name":"(anonymous_6)","decl":{"start":{"line":25,"column":6},"end":{"line":25,"column":7}},"loc":{"start":{"line":25,"column":24},"end":{"line":25,"column":99}}},"7":{"name":"(anonymous_7)","decl":{"start":{"line":27,"column":19},"end":{"line":27,"column":20}},"loc":{"start":{"line":27,"column":34},"end":{"line":27,"column":50}}},"8":{"name":"(anonymous_8)","decl":{"start":{"line":28,"column":19},"end":{"line":28,"column":20}},"loc":{"start":{"line":28,"column":34},"end":{"line":28,"column":59}}},"9":{"name":"(anonymous_9)","decl":{"start":{"line":33,"column":24},"end":{"line":33,"column":25}},"loc":{"start":{"line":33,"column":39},"end":{"line":33,"column":61}}},"10":{"name":"(anonymous_10)","decl":{"start":{"line":34,"column":28},"end":{"line":34,"column":29}},"loc":{"start":{"line":34,"column":43},"end":{"line":34,"column":76}}},"11":{"name":"(anonymous_11)","decl":{"start":{"line":38,"column":28},"end":{"line":38,"column":29}},"loc":{"start":{"line":38,"column":43},"end":{"line":38,"column":77}}},"12":{"name":"(anonymous_12)","decl":{"start":{"line":39,"column":28},"end":{"line":39,"column":29}},"loc":{"start":{"line":39,"column":43},"end":{"line":39,"column":66}}},"13":{"name":"(anonymous_13)","decl":{"start":{"line":40,"column":31},"end":{"line":40,"column":32}},"loc":{"start":{"line":40,"column":46},"end":{"line":40,"column":69}}},"14":{"name":"(anonymous_14)","decl":{"start":{"line":47,"column":35},"end":{"line":47,"column":36}},"loc":{"start":{"line":47,"column":50},"end":{"line":47,"column":67}}},"15":{"name":"(anonymous_15)","decl":{"start":{"line":48,"column":23},"end":{"line":48,"column":24}},"loc":{"start":{"line":48,"column":38},"end":{"line":48,"column":58}}},"16":{"name":"(anonymous_16)","decl":{"start":{"line":53,"column":17},"end":{"line":53,"column":18}},"loc":{"start":{"line":53,"column":32},"end":{"line":53,"column":63}}},"17":{"name":"(anonymous_17)","decl":{"start":{"line":93,"column":18},"end":{"line":93,"column":19}},"loc":{"start":{"line":93,"column":126},"end":{"line":119,"column":null}}},"18":{"name":"(anonymous_18)","decl":{"start":{"line":96,"column":31},"end":{"line":96,"column":37}},"loc":{"start":{"line":96,"column":37},"end":{"line":96,"column":58}}},"19":{"name":"(anonymous_19)","decl":{"start":{"line":98,"column":28},"end":{"line":98,"column":34}},"loc":{"start":{"line":98,"column":34},"end":{"line":98,"column":114}}},"20":{"name":"(anonymous_20)","decl":{"start":{"line":98,"column":65},"end":{"line":98,"column":74}},"loc":{"start":{"line":98,"column":74},"end":{"line":98,"column":100}}},"21":{"name":"(anonymous_21)","decl":{"start":{"line":101,"column":37},"end":{"line":101,"column":43}},"loc":{"start":{"line":101,"column":43},"end":{"line":101,"column":81}}},"22":{"name":"(anonymous_22)","decl":{"start":{"line":101,"column":55},"end":{"line":101,"column":56}},"loc":{"start":{"line":101,"column":69},"end":{"line":101,"column":78}}}},"branchMap":{"0":{"loc":{"start":{"line":23,"column":27},"end":{"line":23,"column":105}},"type":"cond-expr","locations":[{"start":{"line":23,"column":41},"end":{"line":23,"column":97}},{"start":{"line":23,"column":97},"end":{"line":23,"column":105}}]},"1":{"loc":{"start":{"line":25,"column":24},"end":{"line":25,"column":99}},"type":"cond-expr","locations":[{"start":{"line":25,"column":35},"end":{"line":25,"column":91}},{"start":{"line":25,"column":91},"end":{"line":25,"column":99}}]},"2":{"loc":{"start":{"line":97,"column":26},"end":{"line":97,"column":null}},"type":"binary-expr","locations":[{"start":{"line":97,"column":26},"end":{"line":97,"column":40}},{"start":{"line":97,"column":40},"end":{"line":97,"column":null}}]},"3":{"loc":{"start":{"line":105,"column":13},"end":{"line":108,"column":null}},"type":"binary-expr","locations":[{"start":{"line":105,"column":13},"end":{"line":105,"column":null}},{"start":{"line":106,"column":16},"end":{"line":108,"column":null}}]},"4":{"loc":{"start":{"line":109,"column":34},"end":{"line":109,"column":66}},"type":"cond-expr","locations":[{"start":{"line":109,"column":45},"end":{"line":109,"column":58}},{"start":{"line":109,"column":58},"end":{"line":109,"column":66}}]},"5":{"loc":{"start":{"line":109,"column":85},"end":{"line":109,"column":114}},"type":"binary-expr","locations":[{"start":{"line":109,"column":85},"end":{"line":109,"column":94}},{"start":{"line":109,"column":94},"end":{"line":109,"column":114}}]},"6":{"loc":{"start":{"line":109,"column":127},"end":{"line":109,"column":null}},"type":"binary-expr","locations":[{"start":{"line":109,"column":127},"end":{"line":109,"column":142}},{"start":{"line":109,"column":142},"end":{"line":109,"column":null}}]},"7":{"loc":{"start":{"line":109,"column":153},"end":{"line":109,"column":166}},"type":"binary-expr","locations":[{"start":{"line":109,"column":153},"end":{"line":109,"column":162}},{"start":{"line":109,"column":162},"end":{"line":109,"column":166}}]},"8":{"loc":{"start":{"line":113,"column":13},"end":{"line":116,"column":null}},"type":"binary-expr","locations":[{"start":{"line":113,"column":13},"end":{"line":113,"column":null}},{"start":{"line":114,"column":16},"end":{"line":116,"column":null}}]},"9":{"loc":{"start":{"line":115,"column":32},"end":{"line":115,"column":72}},"type":"cond-expr","locations":[{"start":{"line":115,"column":43},"end":{"line":115,"column":56}},{"start":{"line":115,"column":56},"end":{"line":115,"column":72}}]}},"s":{"0":0,"1":0,"2":0,"3":0,"4":0,"5":0,"6":0,"7":0,"8":0,"9":0,"10":0,"11":0,"12":0,"13":0,"14":0,"15":0,"16":0,"17":0,"18":0,"19":0,"20":0,"21":0,"22":0,"23":0,"24":0,"25":0,"26":0,"27":0,"28":0,"29":0,"30":0,"31":0,"32":0,"33":0,"34":0},"f":{"0":0,"1":0,"2":0,"3":0,"4":0,"5":0,"6":0,"7":0,"8":0,"9":0,"10":0,"11":0,"12":0,"13":0,"14":0,"15":0,"16":0,"17":0,"18":0,"19":0,"20":0,"21":0,"22":0},"b":{"0":[0,0],"1":[0,0],"2":[0,0],"3":[0,0],"4":[0,0],"5":[0,0],"6":[0,0],"7":[0,0],"8":[0,0],"9":[0,0]}}
,"C:/Users/bugra/Desktop/Portfolio/trailtracer/client/src/components/ui/Input/TextInput.stories.jsx": {"path":"C:/Users/bugra/Desktop/Portfolio/trailtracer/client/src/components/ui/Input/TextInput.stories.jsx","statementMap":{"0":{"start":{"line":24,"column":32},"end":{"line":34,"column":null}},"1":{"start":{"line":25,"column":62},"end":{"line":27,"column":null}},"2":{"start":{"line":29,"column":4},"end":{"line":32,"column":null}},"3":{"start":{"line":36,"column":30},"end":{"line":49,"column":null}},"4":{"start":{"line":37,"column":62},"end":{"line":39,"column":null}},"5":{"start":{"line":41,"column":4},"end":{"line":46,"column":null}},"6":{"start":{"line":51,"column":33},"end":{"line":63,"column":null}},"7":{"start":{"line":52,"column":69},"end":{"line":54,"column":null}},"8":{"start":{"line":56,"column":4},"end":{"line":61,"column":null}}},"fnMap":{"0":{"name":"(anonymous_0)","decl":{"start":{"line":24,"column":32},"end":{"line":24,"column":33}},"loc":{"start":{"line":24,"column":42},"end":{"line":34,"column":null}}},"1":{"name":"(anonymous_1)","decl":{"start":{"line":36,"column":30},"end":{"line":36,"column":31}},"loc":{"start":{"line":36,"column":49},"end":{"line":49,"column":null}}},"2":{"name":"(anonymous_2)","decl":{"start":{"line":51,"column":33},"end":{"line":51,"column":34}},"loc":{"start":{"line":51,"column":52},"end":{"line":63,"column":null}}}},"branchMap":{"0":{"loc":{"start":{"line":44,"column":44},"end":{"line":44,"column":134}},"type":"cond-expr","locations":[{"start":{"line":44,"column":80},"end":{"line":44,"column":108}},{"start":{"line":44,"column":108},"end":{"line":44,"column":134}}]},"1":{"loc":{"start":{"line":59,"column":45},"end":{"line":59,"column":135}},"type":"cond-expr","locations":[{"start":{"line":59,"column":81},"end":{"line":59,"column":109}},{"start":{"line":59,"column":109},"end":{"line":59,"column":135}}]}},"s":{"0":0,"1":0,"2":0,"3":0,"4":0,"5":0,"6":0,"7":0,"8":0},"f":{"0":0,"1":0,"2":0},"b":{"0":[0,0],"1":[0,0]}}
,"C:/Users/bugra/Desktop/Portfolio/trailtracer/client/src/components/ui/Input/changeFocus.js": {"path":"C:/Users/bugra/Desktop/Portfolio/trailtracer/client/src/components/ui/Input/changeFocus.js","statementMap":{"0":{"start":{"line":9,"column":20},"end":{"line":16,"column":1}},"1":{"start":{"line":10,"column":24},"end":{"line":10,"column":51}},"2":{"start":{"line":12,"column":4},"end":{"line":15,"column":5}},"3":{"start":{"line":13,"column":8},"end":{"line":13,"column":27}},"4":{"start":{"line":14,"column":8},"end":{"line":14,"column":85}}},"fnMap":{"0":{"name":"(anonymous_0)","decl":{"start":{"line":9,"column":20},"end":{"line":9,"column":21}},"loc":{"start":{"line":9,"column":48},"end":{"line":16,"column":1}}}},"branchMap":{"0":{"loc":{"start":{"line":12,"column":4},"end":{"line":15,"column":5}},"type":"if","locations":[{"start":{"line":12,"column":4},"end":{"line":15,"column":5}},{"start":{"line":12,"column":4},"end":{"line":15,"column":5}}]},"1":{"loc":{"start":{"line":12,"column":8},"end":{"line":12,"column":67}},"type":"binary-expr","locations":[{"start":{"line":12,"column":8},"end":{"line":12,"column":46}},{"start":{"line":12,"column":50},"end":{"line":12,"column":67}}]}},"s":{"0":0,"1":0,"2":0,"3":0,"4":0},"f":{"0":0},"b":{"0":[0,0],"1":[0,0]}}
,"C:/Users/bugra/Desktop/Portfolio/trailtracer/client/src/components/ui/Input/inputRules.js": {"path":"C:/Users/bugra/Desktop/Portfolio/trailtracer/client/src/components/ui/Input/inputRules.js","statementMap":{"0":{"start":{"line":3,"column":20},"end":{"line":15,"column":1}},"1":{"start":{"line":5,"column":8},"end":{"line":5,"column":62}},"2":{"start":{"line":8,"column":8},"end":{"line":13,"column":36}},"3":{"start":{"line":25,"column":19},"end":{"line":35,"column":1}},"4":{"start":{"line":26,"column":4},"end":{"line":34,"column":6}},"5":{"start":{"line":31,"column":16},"end":{"line":31,"column":61}}},"fnMap":{"0":{"name":"(anonymous_0)","decl":{"start":{"line":4,"column":11},"end":{"line":4,"column":12}},"loc":{"start":{"line":4,"column":22},"end":{"line":6,"column":5}}},"1":{"name":"(anonymous_1)","decl":{"start":{"line":7,"column":14},"end":{"line":7,"column":15}},"loc":{"start":{"line":7,"column":25},"end":{"line":14,"column":5}}},"2":{"name":"(anonymous_2)","decl":{"start":{"line":25,"column":19},"end":{"line":25,"column":20}},"loc":{"start":{"line":25,"column":59},"end":{"line":35,"column":1}}},"3":{"name":"(anonymous_3)","decl":{"start":{"line":30,"column":20},"end":{"line":30,"column":25}},"loc":{"start":{"line":30,"column":29},"end":{"line":32,"column":13}}}},"branchMap":{"0":{"loc":{"start":{"line":5,"column":15},"end":{"line":5,"column":61}},"type":"binary-expr","locations":[{"start":{"line":5,"column":15},"end":{"line":5,"column":39}},{"start":{"line":5,"column":43},"end":{"line":5,"column":61}}]},"1":{"loc":{"start":{"line":8,"column":15},"end":{"line":13,"column":35}},"type":"binary-expr","locations":[{"start":{"line":8,"column":15},"end":{"line":13,"column":10}},{"start":{"line":13,"column":14},"end":{"line":13,"column":35}}]},"2":{"loc":{"start":{"line":31,"column":23},"end":{"line":31,"column":60}},"type":"binary-expr","locations":[{"start":{"line":31,"column":23},"end":{"line":31,"column":32}},{"start":{"line":31,"column":36},"end":{"line":31,"column":60}}]}},"s":{"0":0,"1":0,"2":0,"3":0,"4":0,"5":0},"f":{"0":0,"1":0,"2":0,"3":0},"b":{"0":[0,0],"1":[0,0],"2":[0,0]}}
,"C:/Users/bugra/Desktop/Portfolio/trailtracer/client/src/components/ui/__stories__/Button.stories.jsx": {"path":"C:/Users/bugra/Desktop/Portfolio/trailtracer/client/src/components/ui/__stories__/Button.stories.jsx","statementMap":{"0":{"start":{"line":42,"column":29},"end":{"line":51,"column":null}},"1":{"start":{"line":43,"column":29},"end":{"line":43,"column":null}},"2":{"start":{"line":44,"column":30},"end":{"line":44,"column":null}},"3":{"start":{"line":46,"column":4},"end":{"line":49,"column":null}}},"fnMap":{"0":{"name":"(anonymous_0)","decl":{"start":{"line":42,"column":29},"end":{"line":42,"column":30}},"loc":{"start":{"line":42,"column":48},"end":{"line":51,"column":null}}}},"branchMap":{"0":{"loc":{"start":{"line":43,"column":29},"end":{"line":43,"column":null}},"type":"cond-expr","locations":[{"start":{"line":43,"column":65},"end":{"line":43,"column":80}},{"start":{"line":43,"column":80},"end":{"line":43,"column":null}}]},"1":{"loc":{"start":{"line":44,"column":30},"end":{"line":44,"column":null}},"type":"cond-expr","locations":[{"start":{"line":44,"column":66},"end":{"line":44,"column":101}},{"start":{"line":44,"column":101},"end":{"line":44,"column":null}}]},"2":{"loc":{"start":{"line":47,"column":54},"end":{"line":47,"column":95}},"type":"binary-expr","locations":[{"start":{"line":47,"column":54},"end":{"line":47,"column":73}},{"start":{"line":47,"column":73},"end":{"line":47,"column":95}}]},"3":{"loc":{"start":{"line":47,"column":95},"end":{"line":47,"column":134}},"type":"binary-expr","locations":[{"start":{"line":47,"column":95},"end":{"line":47,"column":114}},{"start":{"line":47,"column":114},"end":{"line":47,"column":134}}]},"4":{"loc":{"start":{"line":48,"column":26},"end":{"line":48,"column":62}},"type":"binary-expr","locations":[{"start":{"line":48,"column":26},"end":{"line":48,"column":44}},{"start":{"line":48,"column":44},"end":{"line":48,"column":62}}]}},"s":{"0":0,"1":0,"2":0,"3":0},"f":{"0":0},"b":{"0":[0,0],"1":[0,0],"2":[0,0],"3":[0,0],"4":[0,0]}}
,"C:/Users/bugra/Desktop/Portfolio/trailtracer/client/src/context/PageContext.jsx": {"path":"C:/Users/bugra/Desktop/Portfolio/trailtracer/client/src/context/PageContext.jsx","statementMap":{"0":{"start":{"line":3,"column":20},"end":{"line":3,"column":null}}},"fnMap":{},"branchMap":{},"s":{"0":0},"f":{},"b":{}}
,"C:/Users/bugra/Desktop/Portfolio/trailtracer/client/src/features/backgroundSlice.js": {"path":"C:/Users/bugra/Desktop/Portfolio/trailtracer/client/src/features/backgroundSlice.js","statementMap":{"0":{"start":{"line":10,"column":21},"end":{"line":15,"column":1}},"1":{"start":{"line":17,"column":24},"end":{"line":42,"column":2}},"2":{"start":{"line":22,"column":12},"end":{"line":22,"column":51}},"3":{"start":{"line":23,"column":12},"end":{"line":23,"column":104}},"4":{"start":{"line":24,"column":12},"end":{"line":24,"column":84}},"5":{"start":{"line":25,"column":12},"end":{"line":25,"column":88}},"6":{"start":{"line":29,"column":12},"end":{"line":29,"column":33}},"7":{"start":{"line":30,"column":12},"end":{"line":30,"column":53}},"8":{"start":{"line":31,"column":12},"end":{"line":31,"column":62}},"9":{"start":{"line":32,"column":12},"end":{"line":32,"column":45}},"10":{"start":{"line":36,"column":12},"end":{"line":36,"column":51}},"11":{"start":{"line":37,"column":12},"end":{"line":37,"column":58}},"12":{"start":{"line":38,"column":12},"end":{"line":38,"column":48}},"13":{"start":{"line":39,"column":12},"end":{"line":39,"column":50}},"14":{"start":{"line":45,"column":42},"end":{"line":45,"column":65}}},"fnMap":{"0":{"name":"(anonymous_0)","decl":{"start":{"line":21,"column":13},"end":{"line":21,"column":14}},"loc":{"start":{"line":21,"column":32},"end":{"line":26,"column":9}}},"1":{"name":"(anonymous_1)","decl":{"start":{"line":28,"column":19},"end":{"line":28,"column":20}},"loc":{"start":{"line":28,"column":30},"end":{"line":33,"column":9}}},"2":{"name":"(anonymous_2)","decl":{"start":{"line":35,"column":16},"end":{"line":35,"column":17}},"loc":{"start":{"line":35,"column":35},"end":{"line":40,"column":9}}}},"branchMap":{"0":{"loc":{"start":{"line":23,"column":31},"end":{"line":23,"column":103}},"type":"cond-expr","locations":[{"start":{"line":23,"column":59},"end":{"line":23,"column":84}},{"start":{"line":23,"column":87},"end":{"line":23,"column":103}}]},"1":{"loc":{"start":{"line":24,"column":26},"end":{"line":24,"column":83}},"type":"cond-expr","locations":[{"start":{"line":24,"column":49},"end":{"line":24,"column":69}},{"start":{"line":24,"column":72},"end":{"line":24,"column":83}}]},"2":{"loc":{"start":{"line":25,"column":27},"end":{"line":25,"column":87}},"type":"cond-expr","locations":[{"start":{"line":25,"column":51},"end":{"line":25,"column":72}},{"start":{"line":25,"column":75},"end":{"line":25,"column":87}}]}},"s":{"0":1,"1":1,"2":0,"3":0,"4":0,"5":0,"6":0,"7":0,"8":0,"9":0,"10":0,"11":0,"12":0,"13":0,"14":1},"f":{"0":0,"1":0,"2":0},"b":{"0":[0,0],"1":[0,0],"2":[0,0]}}
,"C:/Users/bugra/Desktop/Portfolio/trailtracer/client/src/features/gridSizeProviderSlice.js": {"path":"C:/Users/bugra/Desktop/Portfolio/trailtracer/client/src/features/gridSizeProviderSlice.js","statementMap":{"0":{"start":{"line":7,"column":21},"end":{"line":8,"column":1}},"1":{"start":{"line":10,"column":25},"end":{"line":18,"column":2}},"2":{"start":{"line":15,"column":12},"end":{"line":15,"column":60}},"3":{"start":{"line":21,"column":23},"end":{"line":21,"column":47}}},"fnMap":{"0":{"name":"(anonymous_0)","decl":{"start":{"line":14,"column":13},"end":{"line":14,"column":14}},"loc":{"start":{"line":14,"column":32},"end":{"line":16,"column":9}}}},"branchMap":{},"s":{"0":1,"1":1,"2":0,"3":1},"f":{"0":0},"b":{}}
,"C:/Users/bugra/Desktop/Portfolio/trailtracer/client/src/features/themeSlice.js": {"path":"C:/Users/bugra/Desktop/Portfolio/trailtracer/client/src/features/themeSlice.js","statementMap":{"0":{"start":{"line":7,"column":21},"end":{"line":11,"column":1}},"1":{"start":{"line":13,"column":14},"end":{"line":22,"column":2}},"2":{"start":{"line":18,"column":12},"end":{"line":18,"column":49}},"3":{"start":{"line":19,"column":12},"end":{"line":19,"column":62}},"4":{"start":{"line":25,"column":26},"end":{"line":25,"column":39}}},"fnMap":{"0":{"name":"(anonymous_0)","decl":{"start":{"line":17,"column":16},"end":{"line":17,"column":17}},"loc":{"start":{"line":17,"column":27},"end":{"line":20,"column":9}}}},"branchMap":{"0":{"loc":{"start":{"line":8,"column":16},"end":{"line":10,"column":67}},"type":"cond-expr","locations":[{"start":{"line":9,"column":10},"end":{"line":9,"column":53}},{"start":{"line":10,"column":10},"end":{"line":10,"column":67}}]}},"s":{"0":1,"1":1,"2":0,"3":0,"4":1},"f":{"0":0},"b":{"0":[0,1]}}
,"C:/Users/bugra/Desktop/Portfolio/trailtracer/client/src/hooks/useHover.js": {"path":"C:/Users/bugra/Desktop/Portfolio/trailtracer/client/src/hooks/useHover.js","statementMap":{"0":{"start":{"line":11,"column":17},"end":{"line":33,"column":1}},"1":{"start":{"line":12,"column":38},"end":{"line":12,"column":53}},"2":{"start":{"line":14,"column":4},"end":{"line":30,"column":21}},"3":{"start":{"line":15,"column":30},"end":{"line":15,"column":49}},"4":{"start":{"line":16,"column":8},"end":{"line":16,"column":53}},"5":{"start":{"line":16,"column":46},"end":{"line":16,"column":53}},"6":{"start":{"line":18,"column":22},"end":{"line":21,"column":9}},"7":{"start":{"line":19,"column":36},"end":{"line":19,"column":54}},"8":{"start":{"line":20,"column":36},"end":{"line":20,"column":55}},"9":{"start":{"line":23,"column":8},"end":{"line":23,"column":77}},"10":{"start":{"line":24,"column":8},"end":{"line":24,"column":77}},"11":{"start":{"line":26,"column":8},"end":{"line":29,"column":10}},"12":{"start":{"line":27,"column":12},"end":{"line":27,"column":80}},"13":{"start":{"line":28,"column":12},"end":{"line":28,"column":80}},"14":{"start":{"line":32,"column":4},"end":{"line":32,"column":21}}},"fnMap":{"0":{"name":"(anonymous_0)","decl":{"start":{"line":11,"column":17},"end":{"line":11,"column":18}},"loc":{"start":{"line":11,"column":33},"end":{"line":33,"column":1}}},"1":{"name":"(anonymous_1)","decl":{"start":{"line":14,"column":14},"end":{"line":14,"column":15}},"loc":{"start":{"line":14,"column":20},"end":{"line":30,"column":5}}},"2":{"name":"(anonymous_2)","decl":{"start":{"line":19,"column":30},"end":{"line":19,"column":31}},"loc":{"start":{"line":19,"column":36},"end":{"line":19,"column":54}}},"3":{"name":"(anonymous_3)","decl":{"start":{"line":20,"column":30},"end":{"line":20,"column":31}},"loc":{"start":{"line":20,"column":36},"end":{"line":20,"column":55}}},"4":{"name":"(anonymous_4)","decl":{"start":{"line":26,"column":15},"end":{"line":26,"column":16}},"loc":{"start":{"line":26,"column":21},"end":{"line":29,"column":9}}}},"branchMap":{"0":{"loc":{"start":{"line":16,"column":8},"end":{"line":16,"column":53}},"type":"if","locations":[{"start":{"line":16,"column":8},"end":{"line":16,"column":53}},{"start":{"line":16,"column":8},"end":{"line":16,"column":53}}]}},"s":{"0":0,"1":0,"2":0,"3":0,"4":0,"5":0,"6":0,"7":0,"8":0,"9":0,"10":0,"11":0,"12":0,"13":0,"14":0},"f":{"0":0,"1":0,"2":0,"3":0,"4":0},"b":{"0":[0,0]}}
,"C:/Users/bugra/Desktop/Portfolio/trailtracer/client/src/hooks/useResize.js": {"path":"C:/Users/bugra/Desktop/Portfolio/trailtracer/client/src/hooks/useResize.js","statementMap":{"0":{"start":{"line":11,"column":18},"end":{"line":37,"column":1}},"1":{"start":{"line":12,"column":28},"end":{"line":16,"column":6}},"2":{"start":{"line":18,"column":4},"end":{"line":34,"column":21}},"3":{"start":{"line":19,"column":30},"end":{"line":19,"column":49}},"4":{"start":{"line":20,"column":8},"end":{"line":20,"column":35}},"5":{"start":{"line":20,"column":28},"end":{"line":20,"column":35}},"6":{"start":{"line":22,"column":31},"end":{"line":29,"column":10}},"7":{"start":{"line":23,"column":12},"end":{"line":28,"column":15}},"8":{"start":{"line":31,"column":8},"end":{"line":31,"column":46}},"9":{"start":{"line":33,"column":8},"end":{"line":33,"column":49}},"10":{"start":{"line":33,"column":21},"end":{"line":33,"column":48}},"11":{"start":{"line":36,"column":4},"end":{"line":36,"column":16}}},"fnMap":{"0":{"name":"(anonymous_0)","decl":{"start":{"line":11,"column":18},"end":{"line":11,"column":19}},"loc":{"start":{"line":11,"column":34},"end":{"line":37,"column":1}}},"1":{"name":"(anonymous_1)","decl":{"start":{"line":18,"column":14},"end":{"line":18,"column":15}},"loc":{"start":{"line":18,"column":20},"end":{"line":34,"column":5}}},"2":{"name":"(anonymous_2)","decl":{"start":{"line":22,"column":50},"end":{"line":22,"column":51}},"loc":{"start":{"line":22,"column":57},"end":{"line":29,"column":9}}},"3":{"name":"(anonymous_3)","decl":{"start":{"line":33,"column":15},"end":{"line":33,"column":16}},"loc":{"start":{"line":33,"column":21},"end":{"line":33,"column":48}}}},"branchMap":{"0":{"loc":{"start":{"line":20,"column":8},"end":{"line":20,"column":35}},"type":"if","locations":[{"start":{"line":20,"column":8},"end":{"line":20,"column":35}},{"start":{"line":20,"column":8},"end":{"line":20,"column":35}}]}},"s":{"0":0,"1":0,"2":0,"3":0,"4":0,"5":0,"6":0,"7":0,"8":0,"9":0,"10":0,"11":0},"f":{"0":0,"1":0,"2":0,"3":0},"b":{"0":[0,0]}}
,"C:/Users/bugra/Desktop/Portfolio/trailtracer/client/src/hooks/useWindowSize.js": {"path":"C:/Users/bugra/Desktop/Portfolio/trailtracer/client/src/hooks/useWindowSize.js","statementMap":{"0":{"start":{"line":10,"column":22},"end":{"line":34,"column":1}},"1":{"start":{"line":11,"column":40},"end":{"line":14,"column":6}},"2":{"start":{"line":16,"column":4},"end":{"line":30,"column":11}},"3":{"start":{"line":18,"column":12},"end":{"line":21,"column":15}},"4":{"start":{"line":24,"column":8},"end":{"line":24,"column":56}},"5":{"start":{"line":25,"column":8},"end":{"line":25,"column":23}},"6":{"start":{"line":27,"column":8},"end":{"line":29,"column":10}},"7":{"start":{"line":28,"column":12},"end":{"line":28,"column":63}},"8":{"start":{"line":32,"column":4},"end":{"line":32,"column":22}}},"fnMap":{"0":{"name":"(anonymous_0)","decl":{"start":{"line":10,"column":22},"end":{"line":10,"column":23}},"loc":{"start":{"line":10,"column":28},"end":{"line":34,"column":1}}},"1":{"name":"(anonymous_1)","decl":{"start":{"line":16,"column":14},"end":{"line":16,"column":15}},"loc":{"start":{"line":16,"column":20},"end":{"line":30,"column":5}}},"2":{"name":"handleResize","decl":{"start":{"line":17,"column":17},"end":{"line":17,"column":29}},"loc":{"start":{"line":17,"column":32},"end":{"line":22,"column":9}}},"3":{"name":"(anonymous_3)","decl":{"start":{"line":27,"column":15},"end":{"line":27,"column":16}},"loc":{"start":{"line":27,"column":21},"end":{"line":29,"column":9}}}},"branchMap":{},"s":{"0":0,"1":0,"2":0,"3":0,"4":0,"5":0,"6":0,"7":0,"8":0},"f":{"0":0,"1":0,"2":0,"3":0},"b":{}}
,"C:/Users/bugra/Desktop/Portfolio/trailtracer/client/src/layout/AppContainer.jsx": {"path":"C:/Users/bugra/Desktop/Portfolio/trailtracer/client/src/layout/AppContainer.jsx","statementMap":{"0":{"start":{"line":12,"column":19},"end":{"line":12,"column":null}},"1":{"start":{"line":12,"column":30},"end":{"line":12,"column":63}},"2":{"start":{"line":15,"column":23},"end":{"line":15,"column":null}},"3":{"start":{"line":23,"column":25},"end":{"line":31,"column":null}},"4":{"start":{"line":31,"column":36},"end":{"line":31,"column":67}},"5":{"start":{"line":40,"column":21},"end":{"line":72,"column":null}},"6":{"start":{"line":41,"column":18},"end":{"line":41,"column":null}},"7":{"start":{"line":42,"column":15},"end":{"line":42,"column":null}},"8":{"start":{"line":44,"column":26},"end":{"line":44,"column":null}},"9":{"start":{"line":45,"column":18},"end":{"line":45,"column":null}},"10":{"start":{"line":47,"column":27},"end":{"line":47,"column":null}},"11":{"start":{"line":48,"column":21},"end":{"line":48,"column":null}},"12":{"start":{"line":50,"column":1},"end":{"line":55,"column":null}},"13":{"start":{"line":51,"column":2},"end":{"line":54,"column":null}},"14":{"start":{"line":52,"column":3},"end":{"line":52,"column":null}},"15":{"start":{"line":53,"column":3},"end":{"line":53,"column":null}},"16":{"start":{"line":57,"column":1},"end":{"line":70,"column":null}}},"fnMap":{"0":{"name":"(anonymous_0)","decl":{"start":{"line":12,"column":24},"end":{"line":12,"column":30}},"loc":{"start":{"line":12,"column":30},"end":{"line":12,"column":63}}},"1":{"name":"(anonymous_1)","decl":{"start":{"line":31,"column":21},"end":{"line":31,"column":22}},"loc":{"start":{"line":31,"column":36},"end":{"line":31,"column":67}}},"2":{"name":"(anonymous_2)","decl":{"start":{"line":40,"column":21},"end":{"line":40,"column":27}},"loc":{"start":{"line":40,"column":27},"end":{"line":72,"column":null}}},"3":{"name":"(anonymous_3)","decl":{"start":{"line":50,"column":11},"end":{"line":50,"column":17}},"loc":{"start":{"line":50,"column":17},"end":{"line":55,"column":4}}}},"branchMap":{"0":{"loc":{"start":{"line":51,"column":2},"end":{"line":54,"column":null}},"type":"if","locations":[{"start":{"line":51,"column":2},"end":{"line":54,"column":null}},{"start":{"line":51,"column":2},"end":{"line":54,"column":null}}]},"1":{"loc":{"start":{"line":62,"column":6},"end":{"line":66,"column":null}},"type":"cond-expr","locations":[{"start":{"line":62,"column":63},"end":{"line":62,"column":null}},{"start":{"line":63,"column":6},"end":{"line":66,"column":null}}]},"2":{"loc":{"start":{"line":62,"column":6},"end":{"line":62,"column":63}},"type":"binary-expr","locations":[{"start":{"line":62,"column":6},"end":{"line":62,"column":42}},{"start":{"line":62,"column":42},"end":{"line":62,"column":63}}]}},"s":{"0":0,"1":0,"2":0,"3":0,"4":0,"5":0,"6":0,"7":0,"8":0,"9":0,"10":0,"11":0,"12":0,"13":0,"14":0,"15":0,"16":0},"f":{"0":0,"1":0,"2":0,"3":0},"b":{"0":[0,0],"1":[0,0],"2":[0,0]}}
,"C:/Users/bugra/Desktop/Portfolio/trailtracer/client/src/layout/DisplayWarning.jsx": {"path":"C:/Users/bugra/Desktop/Portfolio/trailtracer/client/src/layout/DisplayWarning.jsx","statementMap":{"0":{"start":{"line":8,"column":18},"end":{"line":16,"column":null}},"1":{"start":{"line":8,"column":35},"end":{"line":16,"column":null}},"2":{"start":{"line":20,"column":25},"end":{"line":30,"column":null}},"3":{"start":{"line":25,"column":39},"end":{"line":25,"column":62}},"4":{"start":{"line":30,"column":36},"end":{"line":30,"column":59}},"5":{"start":{"line":38,"column":23},"end":{"line":48,"column":null}},"6":{"start":{"line":39,"column":18},"end":{"line":39,"column":null}},"7":{"start":{"line":40,"column":18},"end":{"line":40,"column":null}},"8":{"start":{"line":42,"column":4},"end":{"line":46,"column":null}}},"fnMap":{"0":{"name":"(anonymous_0)","decl":{"start":{"line":8,"column":18},"end":{"line":8,"column":19}},"loc":{"start":{"line":8,"column":35},"end":{"line":16,"column":null}}},"1":{"name":"(anonymous_1)","decl":{"start":{"line":25,"column":24},"end":{"line":25,"column":25}},"loc":{"start":{"line":25,"column":39},"end":{"line":25,"column":62}}},"2":{"name":"(anonymous_2)","decl":{"start":{"line":30,"column":21},"end":{"line":30,"column":22}},"loc":{"start":{"line":30,"column":36},"end":{"line":30,"column":59}}},"3":{"name":"(anonymous_3)","decl":{"start":{"line":38,"column":23},"end":{"line":38,"column":29}},"loc":{"start":{"line":38,"column":29},"end":{"line":48,"column":null}}}},"branchMap":{},"s":{"0":0,"1":0,"2":0,"3":0,"4":0,"5":0,"6":0,"7":0,"8":0},"f":{"0":0,"1":0,"2":0,"3":0},"b":{}}
,"C:/Users/bugra/Desktop/Portfolio/trailtracer/client/src/layout/Page.jsx": {"path":"C:/Users/bugra/Desktop/Portfolio/trailtracer/client/src/layout/Page.jsx","statementMap":{"0":{"start":{"line":11,"column":13},"end":{"line":12,"column":null}}},"fnMap":{},"branchMap":{},"s":{"0":0},"f":{},"b":{}}
,"C:/Users/bugra/Desktop/Portfolio/trailtracer/client/src/layout/Background/Background.jsx": {"path":"C:/Users/bugra/Desktop/Portfolio/trailtracer/client/src/layout/Background/Background.jsx","statementMap":{"0":{"start":{"line":10,"column":15},"end":{"line":10,"column":null}},"1":{"start":{"line":10,"column":26},"end":{"line":10,"column":54}},"2":{"start":{"line":12,"column":19},"end":{"line":12,"column":null}},"3":{"start":{"line":14,"column":19},"end":{"line":25,"column":null}},"4":{"start":{"line":15,"column":1},"end":{"line":24,"column":null}},"5":{"start":{"line":17,"column":3},"end":{"line":17,"column":null}},"6":{"start":{"line":19,"column":3},"end":{"line":19,"column":null}},"7":{"start":{"line":21,"column":3},"end":{"line":21,"column":null}},"8":{"start":{"line":23,"column":3},"end":{"line":23,"column":null}},"9":{"start":{"line":27,"column":28},"end":{"line":32,"column":null}},"10":{"start":{"line":32,"column":39},"end":{"line":32,"column":62}},"11":{"start":{"line":42,"column":19},"end":{"line":69,"column":null}},"12":{"start":{"line":43,"column":27},"end":{"line":43,"column":null}},"13":{"start":{"line":44,"column":29},"end":{"line":44,"column":null}},"14":{"start":{"line":46,"column":1},"end":{"line":54,"column":null}},"15":{"start":{"line":47,"column":2},"end":{"line":53,"column":null}},"16":{"start":{"line":49,"column":4},"end":{"line":49,"column":null}},"17":{"start":{"line":50,"column":4},"end":{"line":50,"column":null}},"18":{"start":{"line":51,"column":4},"end":{"line":51,"column":null}},"19":{"start":{"line":52,"column":4},"end":{"line":52,"column":null}},"20":{"start":{"line":58,"column":1},"end":{"line":67,"column":null}}},"fnMap":{"0":{"name":"(anonymous_0)","decl":{"start":{"line":10,"column":20},"end":{"line":10,"column":26}},"loc":{"start":{"line":10,"column":26},"end":{"line":10,"column":54}}},"1":{"name":"(anonymous_1)","decl":{"start":{"line":14,"column":19},"end":{"line":14,"column":20}},"loc":{"start":{"line":14,"column":38},"end":{"line":25,"column":null}}},"2":{"name":"(anonymous_2)","decl":{"start":{"line":32,"column":24},"end":{"line":32,"column":25}},"loc":{"start":{"line":32,"column":39},"end":{"line":32,"column":62}}},"3":{"name":"(anonymous_3)","decl":{"start":{"line":42,"column":19},"end":{"line":42,"column":25}},"loc":{"start":{"line":42,"column":25},"end":{"line":69,"column":null}}},"4":{"name":"(anonymous_4)","decl":{"start":{"line":46,"column":11},"end":{"line":46,"column":17}},"loc":{"start":{"line":46,"column":17},"end":{"line":54,"column":4}}},"5":{"name":"(anonymous_5)","decl":{"start":{"line":48,"column":9},"end":{"line":48,"column":10}},"loc":{"start":{"line":48,"column":22},"end":{"line":53,"column":4}}}},"branchMap":{"0":{"loc":{"start":{"line":15,"column":1},"end":{"line":24,"column":null}},"type":"switch","locations":[{"start":{"line":16,"column":2},"end":{"line":17,"column":null}},{"start":{"line":18,"column":2},"end":{"line":19,"column":null}},{"start":{"line":20,"column":2},"end":{"line":21,"column":null}},{"start":{"line":22,"column":2},"end":{"line":23,"column":null}}]},"1":{"loc":{"start":{"line":62,"column":5},"end":{"line":64,"column":null}},"type":"cond-expr","locations":[{"start":{"line":63,"column":8},"end":{"line":63,"column":null}},{"start":{"line":64,"column":8},"end":{"line":64,"column":null}}]},"2":{"loc":{"start":{"line":62,"column":5},"end":{"line":62,"column":null}},"type":"binary-expr","locations":[{"start":{"line":62,"column":5},"end":{"line":62,"column":25}},{"start":{"line":62,"column":25},"end":{"line":62,"column":45}},{"start":{"line":62,"column":45},"end":{"line":62,"column":null}}]}},"s":{"0":0,"1":0,"2":0,"3":0,"4":0,"5":0,"6":0,"7":0,"8":0,"9":0,"10":0,"11":0,"12":0,"13":0,"14":0,"15":0,"16":0,"17":0,"18":0,"19":0,"20":0},"f":{"0":0,"1":0,"2":0,"3":0,"4":0,"5":0},"b":{"0":[0,0,0,0],"1":[0,0],"2":[0,0,0]}}
,"C:/Users/bugra/Desktop/Portfolio/trailtracer/client/src/layout/Background/BackgroundCanvas.jsx": {"path":"C:/Users/bugra/Desktop/Portfolio/trailtracer/client/src/layout/Background/BackgroundCanvas.jsx","statementMap":{"0":{"start":{"line":7,"column":11},"end":{"line":16,"column":null}},"1":{"start":{"line":23,"column":25},"end":{"line":32,"column":null}},"2":{"start":{"line":24,"column":4},"end":{"line":30,"column":null}},"3":{"start":{"line":34,"column":0},"end":{"line":37,"column":null}}},"fnMap":{"0":{"name":"(anonymous_0)","decl":{"start":{"line":23,"column":25},"end":{"line":23,"column":26}},"loc":{"start":{"line":23,"column":48},"end":{"line":32,"column":null}}}},"branchMap":{},"s":{"0":0,"1":0,"2":0,"3":0},"f":{"0":0},"b":{}}
,"C:/Users/bugra/Desktop/Portfolio/trailtracer/client/src/layout/Background/BackgroundImage.jsx": {"path":"C:/Users/bugra/Desktop/Portfolio/trailtracer/client/src/layout/Background/BackgroundImage.jsx","statementMap":{"0":{"start":{"line":9,"column":14},"end":{"line":10,"column":null}},"1":{"start":{"line":10,"column":38},"end":{"line":10,"column":57}},"2":{"start":{"line":20,"column":24},"end":{"line":28,"column":null}},"3":{"start":{"line":21,"column":23},"end":{"line":21,"column":null}},"4":{"start":{"line":21,"column":44},"end":{"line":21,"column":66}},"5":{"start":{"line":22,"column":21},"end":{"line":22,"column":null}},"6":{"start":{"line":23,"column":28},"end":{"line":23,"column":null}},"7":{"start":{"line":23,"column":44},"end":{"line":23,"column":113}},"8":{"start":{"line":23,"column":99},"end":{"line":23,"column":110}},"9":{"start":{"line":25,"column":4},"end":{"line":26,"column":null}}},"fnMap":{"0":{"name":"(anonymous_0)","decl":{"start":{"line":10,"column":22},"end":{"line":10,"column":23}},"loc":{"start":{"line":10,"column":38},"end":{"line":10,"column":57}}},"1":{"name":"(anonymous_1)","decl":{"start":{"line":20,"column":24},"end":{"line":20,"column":30}},"loc":{"start":{"line":20,"column":30},"end":{"line":28,"column":null}}},"2":{"name":"(anonymous_2)","decl":{"start":{"line":21,"column":35},"end":{"line":21,"column":44}},"loc":{"start":{"line":21,"column":44},"end":{"line":21,"column":66}}},"3":{"name":"(anonymous_3)","decl":{"start":{"line":23,"column":36},"end":{"line":23,"column":42}},"loc":{"start":{"line":23,"column":42},"end":{"line":23,"column":116}}},"4":{"name":"(anonymous_4)","decl":{"start":{"line":23,"column":73},"end":{"line":23,"column":74}},"loc":{"start":{"line":23,"column":99},"end":{"line":23,"column":110}}}},"branchMap":{"0":{"loc":{"start":{"line":22,"column":21},"end":{"line":22,"column":null}},"type":"cond-expr","locations":[{"start":{"line":22,"column":34},"end":{"line":22,"column":65}},{"start":{"line":22,"column":65},"end":{"line":22,"column":null}}]},"1":{"loc":{"start":{"line":26,"column":23},"end":{"line":26,"column":81}},"type":"cond-expr","locations":[{"start":{"line":26,"column":41},"end":{"line":26,"column":62}},{"start":{"line":26,"column":62},"end":{"line":26,"column":81}}]}},"s":{"0":0,"1":0,"2":0,"3":0,"4":0,"5":0,"6":0,"7":0,"8":0,"9":0},"f":{"0":0,"1":0,"2":0,"3":0,"4":0},"b":{"0":[0,0],"1":[0,0]}}
,"C:/Users/bugra/Desktop/Portfolio/trailtracer/client/src/layout/Background/BackgroundShader.jsx": {"path":"C:/Users/bugra/Desktop/Portfolio/trailtracer/client/src/layout/Background/BackgroundShader.jsx","statementMap":{"0":{"start":{"line":9,"column":17},"end":{"line":19,"column":null}},"1":{"start":{"line":21,"column":23},"end":{"line":21,"column":null}},"2":{"start":{"line":22,"column":21},"end":{"line":22,"column":null}},"3":{"start":{"line":31,"column":25},"end":{"line":61,"column":null}},"4":{"start":{"line":32,"column":21},"end":{"line":32,"column":null}},"5":{"start":{"line":33,"column":21},"end":{"line":33,"column":null}},"6":{"start":{"line":35,"column":51},"end":{"line":35,"column":null}},"7":{"start":{"line":35,"column":74},"end":{"line":35,"column":90}},"8":{"start":{"line":36,"column":18},"end":{"line":36,"column":null}},"9":{"start":{"line":38,"column":4},"end":{"line":51,"column":null}},"10":{"start":{"line":39,"column":19},"end":{"line":39,"column":null}},"11":{"start":{"line":41,"column":8},"end":{"line":45,"column":null}},"12":{"start":{"line":42,"column":12},"end":{"line":42,"column":null}},"13":{"start":{"line":43,"column":12},"end":{"line":43,"column":null}},"14":{"start":{"line":44,"column":12},"end":{"line":44,"column":null}},"15":{"start":{"line":47,"column":8},"end":{"line":50,"column":null}},"16":{"start":{"line":48,"column":12},"end":{"line":49,"column":null}},"17":{"start":{"line":48,"column":99},"end":{"line":48,"column":null}},"18":{"start":{"line":49,"column":17},"end":{"line":49,"column":null}},"19":{"start":{"line":53,"column":4},"end":{"line":53,"column":null}},"20":{"start":{"line":55,"column":4},"end":{"line":59,"column":null}}},"fnMap":{"0":{"name":"(anonymous_0)","decl":{"start":{"line":31,"column":25},"end":{"line":31,"column":31}},"loc":{"start":{"line":31,"column":31},"end":{"line":61,"column":null}}},"1":{"name":"(anonymous_1)","decl":{"start":{"line":35,"column":63},"end":{"line":35,"column":64}},"loc":{"start":{"line":35,"column":74},"end":{"line":35,"column":90}}},"2":{"name":"(anonymous_2)","decl":{"start":{"line":38,"column":13},"end":{"line":38,"column":14}},"loc":{"start":{"line":38,"column":31},"end":{"line":51,"column":5}}}},"branchMap":{"0":{"loc":{"start":{"line":36,"column":18},"end":{"line":36,"column":null}},"type":"cond-expr","locations":[{"start":{"line":36,"column":28},"end":{"line":36,"column":32}},{"start":{"line":36,"column":32},"end":{"line":36,"column":null}}]},"1":{"loc":{"start":{"line":39,"column":42},"end":{"line":39,"column":70}},"type":"cond-expr","locations":[{"start":{"line":39,"column":56},"end":{"line":39,"column":64}},{"start":{"line":39,"column":64},"end":{"line":39,"column":70}}]},"2":{"loc":{"start":{"line":41,"column":8},"end":{"line":45,"column":null}},"type":"if","locations":[{"start":{"line":41,"column":8},"end":{"line":45,"column":null}},{"start":{"line":41,"column":8},"end":{"line":45,"column":null}}]},"3":{"loc":{"start":{"line":47,"column":8},"end":{"line":50,"column":null}},"type":"if","locations":[{"start":{"line":47,"column":8},"end":{"line":50,"column":null}},{"start":{"line":47,"column":8},"end":{"line":50,"column":null}}]},"4":{"loc":{"start":{"line":48,"column":12},"end":{"line":49,"column":null}},"type":"if","locations":[{"start":{"line":48,"column":12},"end":{"line":49,"column":null}},{"start":{"line":49,"column":17},"end":{"line":49,"column":null}}]}},"s":{"0":0,"1":0,"2":0,"3":0,"4":0,"5":0,"6":0,"7":0,"8":0,"9":0,"10":0,"11":0,"12":0,"13":0,"14":0,"15":0,"16":0,"17":0,"18":0,"19":0,"20":0},"f":{"0":0,"1":0,"2":0},"b":{"0":[0,0],"1":[0,0],"2":[0,0],"3":[0,0],"4":[0,0]}}
,"C:/Users/bugra/Desktop/Portfolio/trailtracer/client/src/layout/Navbar/Nav.jsx": {"path":"C:/Users/bugra/Desktop/Portfolio/trailtracer/client/src/layout/Navbar/Nav.jsx","statementMap":{"0":{"start":{"line":10,"column":12},"end":{"line":17,"column":null}}},"fnMap":{},"branchMap":{},"s":{"0":0},"f":{},"b":{}}
,"C:/Users/bugra/Desktop/Portfolio/trailtracer/client/src/layout/Navbar/Navbar.jsx": {"path":"C:/Users/bugra/Desktop/Portfolio/trailtracer/client/src/layout/Navbar/Navbar.jsx","statementMap":{"0":{"start":{"line":13,"column":21},"end":{"line":13,"column":null}},"1":{"start":{"line":33,"column":15},"end":{"line":48,"column":null}},"2":{"start":{"line":34,"column":21},"end":{"line":34,"column":null}},"3":{"start":{"line":35,"column":25},"end":{"line":35,"column":null}},"4":{"start":{"line":35,"column":43},"end":{"line":35,"column":58}},"5":{"start":{"line":36,"column":28},"end":{"line":36,"column":null}},"6":{"start":{"line":36,"column":46},"end":{"line":36,"column":67}},"7":{"start":{"line":38,"column":4},"end":{"line":46,"column":null}}},"fnMap":{"0":{"name":"(anonymous_0)","decl":{"start":{"line":33,"column":15},"end":{"line":33,"column":21}},"loc":{"start":{"line":33,"column":21},"end":{"line":48,"column":null}}},"1":{"name":"(anonymous_1)","decl":{"start":{"line":35,"column":37},"end":{"line":35,"column":43}},"loc":{"start":{"line":35,"column":43},"end":{"line":35,"column":58}}},"2":{"name":"(anonymous_2)","decl":{"start":{"line":36,"column":40},"end":{"line":36,"column":46}},"loc":{"start":{"line":36,"column":46},"end":{"line":36,"column":67}}}},"branchMap":{},"s":{"0":0,"1":0,"2":0,"3":0,"4":0,"5":0,"6":0,"7":0},"f":{"0":0,"1":0,"2":0},"b":{}}
,"C:/Users/bugra/Desktop/Portfolio/trailtracer/client/src/layout/Navbar/NavbarButton.jsx": {"path":"C:/Users/bugra/Desktop/Portfolio/trailtracer/client/src/layout/Navbar/NavbarButton.jsx","statementMap":{"0":{"start":{"line":9,"column":26},"end":{"line":16,"column":null}},"1":{"start":{"line":16,"column":43},"end":{"line":16,"column":65}},"2":{"start":{"line":25,"column":21},"end":{"line":34,"column":null}},"3":{"start":{"line":26,"column":19},"end":{"line":26,"column":null}},"4":{"start":{"line":27,"column":22},"end":{"line":27,"column":null}},"5":{"start":{"line":29,"column":4},"end":{"line":32,"column":null}},"6":{"start":{"line":36,"column":0},"end":{"line":40,"column":null}}},"fnMap":{"0":{"name":"(anonymous_0)","decl":{"start":{"line":16,"column":28},"end":{"line":16,"column":29}},"loc":{"start":{"line":16,"column":43},"end":{"line":16,"column":65}}},"1":{"name":"(anonymous_1)","decl":{"start":{"line":25,"column":21},"end":{"line":25,"column":22}},"loc":{"start":{"line":25,"column":54},"end":{"line":34,"column":null}}}},"branchMap":{"0":{"loc":{"start":{"line":31,"column":24},"end":{"line":31,"column":69}},"type":"cond-expr","locations":[{"start":{"line":31,"column":36},"end":{"line":31,"column":53}},{"start":{"line":31,"column":53},"end":{"line":31,"column":69}}]}},"s":{"0":0,"1":0,"2":0,"3":0,"4":0,"5":0,"6":0},"f":{"0":0,"1":0},"b":{"0":[0,0]}}
,"C:/Users/bugra/Desktop/Portfolio/trailtracer/client/src/layout/Navbar/NavbarButton.stories.jsx": {"path":"C:/Users/bugra/Desktop/Portfolio/trailtracer/client/src/layout/Navbar/NavbarButton.stories.jsx","statementMap":{"0":{"start":{"line":44,"column":35},"end":{"line":51,"column":null}},"1":{"start":{"line":45,"column":30},"end":{"line":45,"column":null}},"2":{"start":{"line":47,"column":4},"end":{"line":49,"column":null}}},"fnMap":{"0":{"name":"(anonymous_0)","decl":{"start":{"line":44,"column":35},"end":{"line":44,"column":36}},"loc":{"start":{"line":44,"column":54},"end":{"line":51,"column":null}}}},"branchMap":{"0":{"loc":{"start":{"line":45,"column":30},"end":{"line":45,"column":null}},"type":"cond-expr","locations":[{"start":{"line":45,"column":66},"end":{"line":45,"column":101}},{"start":{"line":45,"column":101},"end":{"line":45,"column":null}}]},"1":{"loc":{"start":{"line":48,"column":60},"end":{"line":48,"column":101}},"type":"binary-expr","locations":[{"start":{"line":48,"column":60},"end":{"line":48,"column":79}},{"start":{"line":48,"column":79},"end":{"line":48,"column":101}}]},"2":{"loc":{"start":{"line":48,"column":101},"end":{"line":48,"column":140}},"type":"binary-expr","locations":[{"start":{"line":48,"column":101},"end":{"line":48,"column":120}},{"start":{"line":48,"column":120},"end":{"line":48,"column":140}}]}},"s":{"0":0,"1":0,"2":0},"f":{"0":0},"b":{"0":[0,0],"1":[0,0],"2":[0,0]}}
,"C:/Users/bugra/Desktop/Portfolio/trailtracer/client/src/layout/Navbar/NavbarLogo.jsx": {"path":"C:/Users/bugra/Desktop/Portfolio/trailtracer/client/src/layout/Navbar/NavbarLogo.jsx","statementMap":{"0":{"start":{"line":11,"column":19},"end":{"line":33,"column":null}},"1":{"start":{"line":17,"column":39},"end":{"line":17,"column":59}},"2":{"start":{"line":27,"column":43},"end":{"line":27,"column":65}},"3":{"start":{"line":30,"column":40},"end":{"line":30,"column":64}}},"fnMap":{"0":{"name":"(anonymous_0)","decl":{"start":{"line":17,"column":24},"end":{"line":17,"column":25}},"loc":{"start":{"line":17,"column":39},"end":{"line":17,"column":59}}},"1":{"name":"(anonymous_1)","decl":{"start":{"line":27,"column":28},"end":{"line":27,"column":29}},"loc":{"start":{"line":27,"column":43},"end":{"line":27,"column":65}}},"2":{"name":"(anonymous_2)","decl":{"start":{"line":30,"column":25},"end":{"line":30,"column":26}},"loc":{"start":{"line":30,"column":40},"end":{"line":30,"column":64}}}},"branchMap":{},"s":{"0":0,"1":0,"2":0,"3":0},"f":{"0":0,"1":0,"2":0},"b":{}}
,"C:/Users/bugra/Desktop/Portfolio/trailtracer/client/src/layout/Navbar/Explore/ExploreButton.jsx": {"path":"C:/Users/bugra/Desktop/Portfolio/trailtracer/client/src/layout/Navbar/Explore/ExploreButton.jsx","statementMap":{"0":{"start":{"line":12,"column":27},"end":{"line":33,"column":null}},"1":{"start":{"line":15,"column":39},"end":{"line":15,"column":59}},"2":{"start":{"line":16,"column":34},"end":{"line":16,"column":57}},"3":{"start":{"line":17,"column":28},"end":{"line":17,"column":51}},"4":{"start":{"line":21,"column":27},"end":{"line":21,"column":55}},"5":{"start":{"line":28,"column":50},"end":{"line":28,"column":73}},"6":{"start":{"line":29,"column":38},"end":{"line":29,"column":61}},"7":{"start":{"line":33,"column":32},"end":{"line":33,"column":66}},"8":{"start":{"line":42,"column":22},"end":{"line":80,"column":null}},"9":{"start":{"line":43,"column":18},"end":{"line":43,"column":null}},"10":{"start":{"line":44,"column":18},"end":{"line":44,"column":null}},"11":{"start":{"line":45,"column":21},"end":{"line":45,"column":null}},"12":{"start":{"line":46,"column":44},"end":{"line":46,"column":null}},"13":{"start":{"line":47,"column":32},"end":{"line":47,"column":null}},"14":{"start":{"line":48,"column":49},"end":{"line":50,"column":null}},"15":{"start":{"line":49,"column":39},"end":{"line":49,"column":60}},"16":{"start":{"line":52,"column":21},"end":{"line":55,"column":null}},"17":{"start":{"line":53,"column":8},"end":{"line":53,"column":null}},"18":{"start":{"line":54,"column":8},"end":{"line":54,"column":null}},"19":{"start":{"line":57,"column":19},"end":{"line":60,"column":null}},"20":{"start":{"line":58,"column":8},"end":{"line":59,"column":null}},"21":{"start":{"line":58,"column":50},"end":{"line":58,"column":null}},"22":{"start":{"line":59,"column":13},"end":{"line":59,"column":null}},"23":{"start":{"line":62,"column":20},"end":{"line":62,"column":null}},"24":{"start":{"line":62,"column":40},"end":{"line":62,"column":57}},"25":{"start":{"line":64,"column":4},"end":{"line":66,"column":null}},"26":{"start":{"line":65,"column":8},"end":{"line":65,"column":null}},"27":{"start":{"line":68,"column":4},"end":{"line":78,"column":null}}},"fnMap":{"0":{"name":"(anonymous_0)","decl":{"start":{"line":15,"column":24},"end":{"line":15,"column":25}},"loc":{"start":{"line":15,"column":39},"end":{"line":15,"column":59}}},"1":{"name":"(anonymous_1)","decl":{"start":{"line":16,"column":19},"end":{"line":16,"column":20}},"loc":{"start":{"line":16,"column":34},"end":{"line":16,"column":57}}},"2":{"name":"(anonymous_2)","decl":{"start":{"line":17,"column":13},"end":{"line":17,"column":14}},"loc":{"start":{"line":17,"column":28},"end":{"line":17,"column":51}}},"3":{"name":"(anonymous_3)","decl":{"start":{"line":21,"column":10},"end":{"line":21,"column":11}},"loc":{"start":{"line":21,"column":27},"end":{"line":21,"column":55}}},"4":{"name":"(anonymous_4)","decl":{"start":{"line":28,"column":35},"end":{"line":28,"column":36}},"loc":{"start":{"line":28,"column":50},"end":{"line":28,"column":73}}},"5":{"name":"(anonymous_5)","decl":{"start":{"line":29,"column":23},"end":{"line":29,"column":24}},"loc":{"start":{"line":29,"column":38},"end":{"line":29,"column":61}}},"6":{"name":"(anonymous_6)","decl":{"start":{"line":33,"column":17},"end":{"line":33,"column":18}},"loc":{"start":{"line":33,"column":32},"end":{"line":33,"column":66}}},"7":{"name":"(anonymous_7)","decl":{"start":{"line":42,"column":22},"end":{"line":42,"column":28}},"loc":{"star
[...]
,"C:/Users/bugra/Desktop/Portfolio/trailtracer/client/src/pages/Profile/Signin/HelpBox.jsx": {"path":"C:/Users/bugra/Desktop/Portfolio/trailtracer/client/src/pages/Profile/Signin/HelpBox.jsx","statementMap":{"0":{"start":{"line":10,"column":21},"end":{"line":10,"column":null}},"1":{"start":{"line":22,"column":16},"end":{"line":33,"column":null}},"2":{"start":{"line":23,"column":20},"end":{"line":23,"column":null}},"3":{"start":{"line":24,"column":18},"end":{"line":24,"column":null}},"4":{"start":{"line":25,"column":14},"end":{"line":25,"column":null}},"5":{"start":{"line":27,"column":4},"end":{"line":31,"column":null}}},"fnMap":{"0":{"name":"(anonymous_0)","decl":{"start":{"line":22,"column":16},"end":{"line":22,"column":22}},"loc":{"start":{"line":22,"column":22},"end":{"line":33,"column":null}}}},"branchMap":{},"s":{"0":0,"1":0,"2":0,"3":0,"4":0,"5":0},"f":{"0":0},"b":{}}
,"C:/Users/bugra/Desktop/Portfolio/trailtracer/client/src/pages/Profile/Signin/ImageBox.jsx": {"path":"C:/Users/bugra/Desktop/Portfolio/trailtracer/client/src/pages/Profile/Signin/ImageBox.jsx","statementMap":{"0":{"start":{"line":7,"column":22},"end":{"line":21,"column":null}},"1":{"start":{"line":10,"column":39},"end":{"line":10,"column":61}},"2":{"start":{"line":30,"column":17},"end":{"line":36,"column":null}},"3":{"start":{"line":31,"column":4},"end":{"line":34,"column":null}}},"fnMap":{"0":{"name":"(anonymous_0)","decl":{"start":{"line":10,"column":24},"end":{"line":10,"column":25}},"loc":{"start":{"line":10,"column":39},"end":{"line":10,"column":61}}},"1":{"name":"(anonymous_1)","decl":{"start":{"line":30,"column":17},"end":{"line":30,"column":23}},"loc":{"start":{"line":30,"column":23},"end":{"line":36,"column":null}}}},"branchMap":{},"s":{"0":0,"1":0,"2":0,"3":0},"f":{"0":0,"1":0},"b":{}}
,"C:/Users/bugra/Desktop/Portfolio/trailtracer/client/src/pages/Profile/Signin/MapBox.jsx": {"path":"C:/Users/bugra/Desktop/Portfolio/trailtracer/client/src/pages/Profile/Signin/MapBox.jsx","statementMap":{"0":{"start":{"line":5,"column":15},"end":{"line":7,"column":null}},"1":{"start":{"line":7,"column":39},"end":{"line":7,"column":70}}},"fnMap":{"0":{"name":"(anonymous_0)","decl":{"start":{"line":7,"column":24},"end":{"line":7,"column":25}},"loc":{"start":{"line":7,"column":39},"end":{"line":7,"column":70}}}},"branchMap":{},"s":{"0":0,"1":0},"f":{"0":0},"b":{}}
,"C:/Users/bugra/Desktop/Portfolio/trailtracer/client/src/pages/Profile/Signin/SignIn.jsx": {"path":"C:/Users/bugra/Desktop/Portfolio/trailtracer/client/src/pages/Profile/Signin/SignIn.jsx","statementMap":{"0":{"start":{"line":16,"column":15},"end":{"line":36,"column":null}},"1":{"start":{"line":17,"column":18},"end":{"line":17,"column":null}},"2":{"start":{"line":18,"column":18},"end":{"line":18,"column":null}},"3":{"start":{"line":19,"column":30},"end":{"line":19,"column":null}},"4":{"start":{"line":20,"column":24},"end":{"line":20,"column":null}},"5":{"start":{"line":22,"column":4},"end":{"line":34,"column":null}}},"fnMap":{"0":{"name":"(anonymous_0)","decl":{"start":{"line":16,"column":15},"end":{"line":16,"column":21}},"loc":{"start":{"line":16,"column":21},"end":{"line":36,"column":null}}}},"branchMap":{"0":{"loc":{"start":{"line":20,"column":24},"end":{"line":20,"column":null}},"type":"binary-expr","locations":[{"start":{"line":20,"column":24},"end":{"line":20,"column":60}},{"start":{"line":20,"column":60},"end":{"line":20,"column":null}}]},"1":{"loc":{"start":{"line":28,"column":21},"end":{"line":28,"column":null}},"type":"binary-expr","locations":[{"start":{"line":28,"column":21},"end":{"line":28,"column":36}},{"start":{"line":28,"column":36},"end":{"line":28,"column":null}}]}},"s":{"0":0,"1":0,"2":0,"3":0,"4":0,"5":0},"f":{"0":0},"b":{"0":[0,0],"1":[0,0]}}
,"C:/Users/bugra/Desktop/Portfolio/trailtracer/client/src/pages/Profile/Signin/TermsBox.jsx": {"path":"C:/Users/bugra/Desktop/Portfolio/trailtracer/client/src/pages/Profile/Signin/TermsBox.jsx","statementMap":{"0":{"start":{"line":9,"column":22},"end":{"line":9,"column":null}},"1":{"start":{"line":21,"column":17},"end":{"line":35,"column":null}},"2":{"start":{"line":22,"column":20},"end":{"line":22,"column":null}},"3":{"start":{"line":23,"column":18},"end":{"line":23,"column":null}},"4":{"start":{"line":24,"column":14},"end":{"line":24,"column":null}},"5":{"start":{"line":25,"column":24},"end":{"line":25,"column":null}},"6":{"start":{"line":27,"column":4},"end":{"line":33,"column":null}}},"fnMap":{"0":{"name":"(anonymous_0)","decl":{"start":{"line":21,"column":17},"end":{"line":21,"column":23}},"loc":{"start":{"line":21,"column":23},"end":{"line":35,"column":null}}}},"branchMap":{"0":{"loc":{"start":{"line":29,"column":13},"end":{"line":29,"column":null}},"type":"binary-expr","locations":[{"start":{"line":29,"column":13},"end":{"line":29,"column":28}},{"start":{"line":29,"column":28},"end":{"line":29,"column":null}}]}},"s":{"0":0,"1":0,"2":0,"3":0,"4":0,"5":0,"6":0},"f":{"0":0},"b":{"0":[0,0]}}
,"C:/Users/bugra/Desktop/Portfolio/trailtracer/client/src/pages/Profile/Signin/SigninBox/SigninBox.jsx": {"path":"C:/Users/bugra/Desktop/Portfolio/trailtracer/client/src/pages/Profile/Signin/SigninBox/SigninBox.jsx","statementMap":{"0":{"start":{"line":13,"column":23},"end":{"line":22,"column":null}},"1":{"start":{"line":27,"column":16},"end":{"line":27,"column":null}},"2":{"start":{"line":37,"column":18},"end":{"line":53,"column":null}},"3":{"start":{"line":38,"column":20},"end":{"line":38,"column":null}},"4":{"start":{"line":39,"column":18},"end":{"line":39,"column":null}},"5":{"start":{"line":40,"column":14},"end":{"line":40,"column":null}},"6":{"start":{"line":42,"column":4},"end":{"line":51,"column":null}}},"fnMap":{"0":{"name":"(anonymous_0)","decl":{"start":{"line":37,"column":18},"end":{"line":37,"column":24}},"loc":{"start":{"line":37,"column":24},"end":{"line":53,"column":null}}}},"branchMap":{},"s":{"0":0,"1":0,"2":0,"3":0,"4":0,"5":0,"6":0},"f":{"0":0},"b":{}}
,"C:/Users/bugra/Desktop/Portfolio/trailtracer/client/src/pages/Profile/Signin/SigninBox/SigninForm.jsx": {"path":"C:/Users/bugra/Desktop/Portfolio/trailtracer/client/src/pages/Profile/Signin/SigninBox/SigninForm.jsx","statementMap":{"0":{"start":{"line":13,"column":24},"end":{"line":29,"column":null}},"1":{"start":{"line":40,"column":19},"end":{"line":76,"column":null}},"2":{"start":{"line":41,"column":20},"end":{"line":41,"column":null}},"3":{"start":{"line":42,"column":18},"end":{"line":42,"column":null}},"4":{"start":{"line":43,"column":14},"end":{"line":43,"column":null}},"5":{"start":{"line":45,"column":44},"end":{"line":45,"column":null}},"6":{"start":{"line":46,"column":79},"end":{"line":56,"column":null}},"7":{"start":{"line":48,"column":12},"end":{"line":51,"column":null}},"8":{"start":{"line":58,"column":21},"end":{"line":61,"column":null}},"9":{"start":{"line":59,"column":8},"end":{"line":59,"column":null}},"10":{"start":{"line":60,"column":8},"end":{"line":60,"column":null}},"11":{"start":{"line":63,"column":4},"end":{"line":74,"column":null}},"12":{"start":{"line":64,"column":77},"end":{"line":64,"column":null}}},"fnMap":{"0":{"name":"(anonymous_0)","decl":{"start":{"line":40,"column":19},"end":{"line":40,"column":25}},"loc":{"start":{"line":40,"column":25},"end":{"line":76,"column":null}}},"1":{"name":"(anonymous_1)","decl":{"start":{"line":47,"column":31},"end":{"line":47,"column":37}},"loc":{"start":{"line":47,"column":37},"end":{"line":52,"column":11}}},"2":{"name":"(anonymous_2)","decl":{"start":{"line":58,"column":21},"end":{"line":58,"column":22}},"loc":{"start":{"line":58,"column":31},"end":{"line":61,"column":null}}},"3":{"name":"(anonymous_3)","decl":{"start":{"line":64,"column":70},"end":{"line":64,"column":71}},"loc":{"start":{"line":64,"column":77},"end":{"line":64,"column":null}}}},"branchMap":{"0":{"loc":{"start":{"line":66,"column":55},"end":{"line":66,"column":117}},"type":"cond-expr","locations":[{"start":{"line":66,"column":70},"end":{"line":66,"column":95}},{"start":{"line":66,"column":95},"end":{"line":66,"column":117}}]},"1":{"loc":{"start":{"line":69,"column":59},"end":{"line":69,"column":124}},"type":"cond-expr","locations":[{"start":{"line":69,"column":77},"end":{"line":69,"column":102}},{"start":{"line":69,"column":102},"end":{"line":69,"column":124}}]}},"s":{"0":0,"1":0,"2":0,"3":0,"4":0,"5":0,"6":0,"7":0,"8":0,"9":0,"10":0,"11":0,"12":0},"f":{"0":0,"1":0,"2":0,"3":0},"b":{"0":[0,0],"1":[0,0]}}
,"C:/Users/bugra/Desktop/Portfolio/trailtracer/client/src/pages/Profile/Signup/SignupForm.jsx": {"path":"C:/Users/bugra/Desktop/Portfolio/trailtracer/client/src/pages/Profile/Signup/SignupForm.jsx","statementMap":{"0":{"start":{"line":13,"column":24},"end":{"line":29,"column":null}},"1":{"start":{"line":35,"column":24},"end":{"line":38,"column":null}},"2":{"start":{"line":36,"column":39},"end":{"line":36,"column":62}},"3":{"start":{"line":37,"column":34},"end":{"line":37,"column":51}},"4":{"start":{"line":38,"column":28},"end":{"line":38,"column":45}},"5":{"start":{"line":45,"column":23},"end":{"line":51,"column":null}},"6":{"start":{"line":61,"column":19},"end":{"line":103,"column":null}},"7":{"start":{"line":62,"column":20},"end":{"line":62,"column":null}},"8":{"start":{"line":63,"column":18},"end":{"line":63,"column":null}},"9":{"start":{"line":64,"column":14},"end":{"line":64,"column":null}},"10":{"start":{"line":66,"column":44},"end":{"line":66,"column":null}},"11":{"start":{"line":67,"column":79},"end":{"line":77,"column":null}},"12":{"start":{"line":69,"column":12},"end":{"line":72,"column":null}},"13":{"start":{"line":79,"column":21},"end":{"line":82,"column":null}},"14":{"start":{"line":80,"column":8},"end":{"line":80,"column":null}},"15":{"start":{"line":81,"column":8},"end":{"line":81,"column":null}},"16":{"start":{"line":84,"column":4},"end":{"line":101,"column":null}},"17":{"start":{"line":85,"column":77},"end":{"line":85,"column":null}}},"fnMap":{"0":{"name":"(anonymous_0)","decl":{"start":{"line":36,"column":24},"end":{"line":36,"column":25}},"loc":{"start":{"line":36,"column":39},"end":{"line":36,"column":62}}},"1":{"name":"(anonymous_1)","decl":{"start":{"line":37,"column":19},"end":{"line":37,"column":20}},"loc":{"start":{"line":37,"column":34},"end":{"line":37,"column":51}}},"2":{"name":"(anonymous_2)","decl":{"start":{"line":38,"column":13},"end":{"line":38,"column":14}},"loc":{"start":{"line":38,"column":28},"end":{"line":38,"column":45}}},"3":{"name":"(anonymous_3)","decl":{"start":{"line":61,"column":19},"end":{"line":61,"column":25}},"loc":{"start":{"line":61,"column":25},"end":{"line":103,"column":null}}},"4":{"name":"(anonymous_4)","decl":{"start":{"line":68,"column":31},"end":{"line":68,"column":37}},"loc":{"start":{"line":68,"column":37},"end":{"line":73,"column":11}}},"5":{"name":"(anonymous_5)","decl":{"start":{"line":79,"column":21},"end":{"line":79,"column":22}},"loc":{"start":{"line":79,"column":31},"end":{"line":82,"column":null}}},"6":{"name":"(anonymous_6)","decl":{"start":{"line":85,"column":70},"end":{"line":85,"column":71}},"loc":{"start":{"line":85,"column":77},"end":{"line":85,"column":null}}}},"branchMap":{"0":{"loc":{"start":{"line":89,"column":59},"end":{"line":89,"column":121}},"type":"cond-expr","locations":[{"start":{"line":89,"column":74},"end":{"line":89,"column":99}},{"start":{"line":89,"column":99},"end":{"line":89,"column":121}}]},"1":{"loc":{"start":{"line":95,"column":63},"end":{"line":95,"column":128}},"type":"cond-expr","locations":[{"start":{"line":95,"column":81},"end":{"line":95,"column":106}},{"start":{"line":95,"column":106},"end":{"line":95,"column":128}}]}},"s":{"0":0,"1":0,"2":0,"3":0,"4":0,"5":0,"6":0,"7":0,"8":0,"9":0,"10":0,"11":0,"12":0,"13":0,"14":0,"15":0,"16":0,"17":0},"f":{"0":0,"1":0,"2":0,"3":0,"4":0,"5":0,"6":0},"b":{"0":[0,0],"1":[0,0]}}
,"C:/Users/bugra/Desktop/Portfolio/trailtracer/client/src/pages/Profile/Signup/SignupModal.jsx": {"path":"C:/Users/bugra/Desktop/Portfolio/trailtracer/client/src/pages/Profile/Signup/SignupModal.jsx","statementMap":{"0":{"start":{"line":18,"column":24},"end":{"line":37,"column":null}},"1":{"start":{"line":37,"column":40},"end":{"line":37,"column":64}},"2":{"start":{"line":43,"column":25},"end":{"line":57,"column":null}},"3":{"start":{"line":48,"column":39},"end":{"line":48,"column":62}},"4":{"start":{"line":49,"column":40},"end":{"line":49,"column":71}},"5":{"start":{"line":68,"column":16},"end":{"line":68,"column":null}},"6":{"start":{"line":73,"column":20},"end":{"line":95,"column":null}},"7":{"start":{"line":74,"column":18},"end":{"line":74,"column":null}},"8":{"start":{"line":75,"column":18},"end":{"line":75,"column":null}},"9":{"start":{"line":77,"column":4},"end":{"line":93,"column":null}},"10":{"start":{"line":97,"column":0},"end":{"line":99,"column":null}}},"fnMap":{"0":{"name":"(anonymous_0)","decl":{"start":{"line":37,"column":25},"end":{"line":37,"column":26}},"loc":{"start":{"line":37,"column":40},"end":{"line":37,"column":64}}},"1":{"name":"(anonymous_1)","decl":{"start":{"line":48,"column":24},"end":{"line":48,"column":25}},"loc":{"start":{"line":48,"column":39},"end":{"line":48,"column":62}}},"2":{"name":"(anonymous_2)","decl":{"start":{"line":49,"column":25},"end":{"line":49,"column":26}},"loc":{"start":{"line":49,"column":40},"end":{"line":49,"column":71}}},"3":{"name":"(anonymous_3)","decl":{"start":{"line":73,"column":20},"end":{"line":73,"column":21}},"loc":{"start":{"line":73,"column":35},"end":{"line":95,"column":null}}}},"branchMap":{},"s":{"0":0,"1":0,"2":0,"3":0,"4":0,"5":0,"6":0,"7":0,"8":0,"9":0,"10":0},"f":{"0":0,"1":0,"2":0,"3":0},"b":{}}
,"C:/Users/bugra/Desktop/Portfolio/trailtracer/client/src/pages/Profile/components/AuthButtons.jsx": {"path":"C:/Users/bugra/Desktop/Portfolio/trailtracer/client/src/pages/Profile/components/AuthButtons.jsx","statementMap":{"0":{"start":{"line":8,"column":25},"end":{"line":12,"column":null}},"1":{"start":{"line":29,"column":20},"end":{"line":43,"column":null}},"2":{"start":{"line":30,"column":4},"end":{"line":41,"column":null}},"3":{"start":{"line":45,"column":0},"end":{"line":49,"column":null}}},"fnMap":{"0":{"name":"(anonymous_0)","decl":{"start":{"line":29,"column":20},"end":{"line":29,"column":21}},"loc":{"start":{"line":29,"column":56},"end":{"line":43,"column":null}}}},"branchMap":{},"s":{"0":0,"1":0,"2":0,"3":0},"f":{"0":0},"b":{}}
,"C:/Users/bugra/Desktop/Portfolio/trailtracer/client/src/pages/Profile/components/Separator.jsx": {"path":"C:/Users/bugra/Desktop/Portfolio/trailtracer/client/src/pages/Profile/components/Separator.jsx","statementMap":{"0":{"start":{"line":9,"column":11},"end":{"line":13,"column":null}},"1":{"start":{"line":13,"column":39},"end":{"line":13,"column":61}},"2":{"start":{"line":16,"column":23},"end":{"line":25,"column":null}},"3":{"start":{"line":35,"column":18},"end":{"line":44,"column":null}},"4":{"start":{"line":36,"column":20},"end":{"line":36,"column":null}},"5":{"start":{"line":37,"column":14},"end":{"line":37,"column":null}},"6":{"start":{"line":39,"column":4},"end":{"line":42,"column":null}},"7":{"start":{"line":46,"column":0},"end":{"line":48,"column":null}}},"fnMap":{"0":{"name":"(anonymous_0)","decl":{"start":{"line":13,"column":24},"end":{"line":13,"column":25}},"loc":{"start":{"line":13,"column":39},"end":{"line":13,"column":61}}},"1":{"name":"(anonymous_1)","decl":{"start":{"line":35,"column":18},"end":{"line":35,"column":19}},"loc":{"start":{"line":35,"column":33},"end":{"line":44,"column":null}}}},"branchMap":{},"s":{"0":0,"1":0,"2":0,"3":0,"4":0,"5":0,"6":0,"7":0},"f":{"0":0,"1":0},"b":{}}
,"C:/Users/bugra/Desktop/Portfolio/trailtracer/client/src/utils/checkWebpFeature.js": {"path":"C:/Users/bugra/Desktop/Portfolio/trailtracer/client/src/utils/checkWebpFeature.js","statementMap":{"0":{"start":{"line":10,"column":25},"end":{"line":26,"column":1}},"1":{"start":{"line":11,"column":24},"end":{"line":16,"column":5}},"2":{"start":{"line":17,"column":16},"end":{"line":17,"column":27}},"3":{"start":{"line":18,"column":4},"end":{"line":21,"column":6}},"4":{"start":{"line":19,"column":23},"end":{"line":19,"column":58}},"5":{"start":{"line":20,"column":8},"end":{"line":20,"column":34}},"6":{"start":{"line":22,"column":4},"end":{"line":24,"column":6}},"7":{"start":{"line":23,"column":8},"end":{"line":23,"column":33}},"8":{"start":{"line":25,"column":4},"end":{"line":25,"column":63}}},"fnMap":{"0":{"name":"(anonymous_0)","decl":{"start":{"line":10,"column":25},"end":{"line":10,"column":26}},"loc":{"start":{"line":10,"column":48},"end":{"line":26,"column":1}}},"1":{"name":"(anonymous_1)","decl":{"start":{"line":18,"column":17},"end":{"line":18,"column":18}},"loc":{"start":{"line":18,"column":23},"end":{"line":21,"column":5}}},"2":{"name":"(anonymous_2)","decl":{"start":{"line":22,"column":18},"end":{"line":22,"column":19}},"loc":{"start":{"line":22,"column":24},"end":{"line":24,"column":5}}}},"branchMap":{"0":{"loc":{"start":{"line":19,"column":23},"end":{"line":19,"column":58}},"type":"binary-expr","locations":[{"start":{"line":19,"column":24},"end":{"line":19,"column":37}},{"start":{"line":19,"column":43},"end":{"line":19,"column":57}}]}},"s":{"0":0,"1":0,"2":0,"3":0,"4":0,"5":0,"6":0,"7":0,"8":0},"f":{"0":0,"1":0,"2":0},"b":{"0":[0,0]}}
,"C:/Users/bugra/Desktop/Portfolio/trailtracer/client/src/utils/conversions.js": {"path":"C:/Users/bugra/Desktop/Portfolio/trailtracer/client/src/utils/conversions.js","statementMap":{"0":{"start":{"line":8,"column":23},"end":{"line":10,"column":1}},"1":{"start":{"line":9,"column":1},"end":{"line":9,"column":78}},"2":{"start":{"line":19,"column":23},"end":{"line":21,"column":1}},"3":{"start":{"line":20,"column":1},"end":{"line":20,"column":77}},"4":{"start":{"line":31,"column":25},"end":{"line":34,"column":1}},"5":{"start":{"line":32,"column":19},"end":{"line":32,"column":65}},"6":{"start":{"line":32,"column":49},"end":{"line":32,"column":64}},"7":{"start":{"line":33,"column":1},"end":{"line":33,"column":40}}},"fnMap":{"0":{"name":"(anonymous_0)","decl":{"start":{"line":8,"column":23},"end":{"line":8,"column":24}},"loc":{"start":{"line":8,"column":32},"end":{"line":10,"column":1}}},"1":{"name":"(anonymous_1)","decl":{"start":{"line":19,"column":23},"end":{"line":19,"column":24}},"loc":{"start":{"line":19,"column":31},"end":{"line":21,"column":1}}},"2":{"name":"(anonymous_2)","decl":{"start":{"line":31,"column":25},"end":{"line":31,"column":26}},"loc":{"start":{"line":31,"column":45},"end":{"line":34,"column":1}}},"3":{"name":"(anonymous_3)","decl":{"start":{"line":32,"column":42},"end":{"line":32,"column":43}},"loc":{"start":{"line":32,"column":49},"end":{"line":32,"column":64}}}},"branchMap":{"0":{"loc":{"start":{"line":31,"column":31},"end":{"line":31,"column":40}},"type":"default-arg","locations":[{"start":{"line":31,"column":39},"end":{"line":31,"column":40}}]}},"s":{"0":1,"1":0,"2":1,"3":0,"4":1,"5":5,"6":15,"7":5},"f":{"0":0,"1":0,"2":5,"3":15},"b":{"0":[0]}}
,"C:/Users/bugra/Desktop/Portfolio/trailtracer/client/src/utils/imageHelpers.js": {"path":"C:/Users/bugra/Desktop/Portfolio/trailtracer/client/src/utils/imageHelpers.js","statementMap":{"0":{"start":{"line":7,"column":27},"end":{"line":9,"column":1}},"1":{"start":{"line":8,"column":4},"end":{"line":8,"column":69}}},"fnMap":{"0":{"name":"(anonymous_0)","decl":{"start":{"line":7,"column":27},"end":{"line":7,"column":28}},"loc":{"start":{"line":7,"column":37},"end":{"line":9,"column":1}}}},"branchMap":{},"s":{"0":0,"1":0},"f":{"0":0},"b":{}}
}
